The system is: Linux - 3.10.0-514.10.2.el7.x86_64 - x86_64
Compiling the C compiler identification source file "CMakeCCompilerId.c" succeeded.
Compiler: /usr/local/bin/gcc 
Build flags: 
Id flags: 

The output was:
0


Compilation of the C compiler identification source "CMakeCCompilerId.c" produced "a.out"

The C compiler identification is GNU, found in "/home/lele/projects/Test/cmake/CMakeFiles/3.2.3/CompilerIdC/a.out"

Compiling the CXX compiler identification source file "CMakeCXXCompilerId.cpp" succeeded.
Compiler: /usr/local/bin/c++ 
Build flags: 
Id flags: 

The output was:
0


Compilation of the CXX compiler identification source "CMakeCXXCompilerId.cpp" produced "a.out"

The CXX compiler identification is GNU, found in "/home/lele/projects/Test/cmake/CMakeFiles/3.2.3/CompilerIdCXX/a.out"

Determining if the C compiler works passed with the following output:
Change Dir: /home/lele/projects/Test/cmake/CMakeFiles/CMakeTmp

Run Build Command:"/usr/bin/gmake" "cmTryCompileExec2413849231/fast"
/usr/bin/gmake -f CMakeFiles/cmTryCompileExec2413849231.dir/build.make CMakeFiles/cmTryCompileExec2413849231.dir/build
gmake[1]: Entering directory `/home/lele/projects/Test/cmake/CMakeFiles/CMakeTmp'
/usr/local/bin/cmake -E cmake_progress_report /home/lele/projects/Test/cmake/CMakeFiles/CMakeTmp/CMakeFiles 1
Building C object CMakeFiles/cmTryCompileExec2413849231.dir/testCCompiler.c.o
/usr/local/bin/gcc    -o CMakeFiles/cmTryCompileExec2413849231.dir/testCCompiler.c.o   -c /home/lele/projects/Test/cmake/CMakeFiles/CMakeTmp/testCCompiler.c
Linking C executable cmTryCompileExec2413849231
/usr/local/bin/cmake -E cmake_link_script CMakeFiles/cmTryCompileExec2413849231.dir/link.txt --verbose=1
/usr/local/bin/gcc       CMakeFiles/cmTryCompileExec2413849231.dir/testCCompiler.c.o  -o cmTryCompileExec2413849231 -rdynamic 
gmake[1]: Leaving directory `/home/lele/projects/Test/cmake/CMakeFiles/CMakeTmp'


Detecting C compiler ABI info compiled with the following output:
Change Dir: /home/lele/projects/Test/cmake/CMakeFiles/CMakeTmp

Run Build Command:"/usr/bin/gmake" "cmTryCompileExec1405216149/fast"
/usr/bin/gmake -f CMakeFiles/cmTryCompileExec1405216149.dir/build.make CMakeFiles/cmTryCompileExec1405216149.dir/build
gmake[1]: Entering directory `/home/lele/projects/Test/cmake/CMakeFiles/CMakeTmp'
/usr/local/bin/cmake -E cmake_progress_report /home/lele/projects/Test/cmake/CMakeFiles/CMakeTmp/CMakeFiles 1
Building C object CMakeFiles/cmTryCompileExec1405216149.dir/CMakeCCompilerABI.c.o
/usr/local/bin/gcc    -o CMakeFiles/cmTryCompileExec1405216149.dir/CMakeCCompilerABI.c.o   -c /usr/local/share/cmake-3.2/Modules/CMakeCCompilerABI.c
Linking C executable cmTryCompileExec1405216149
/usr/local/bin/cmake -E cmake_link_script CMakeFiles/cmTryCompileExec1405216149.dir/link.txt --verbose=1
/usr/local/bin/gcc      -v CMakeFiles/cmTryCompileExec1405216149.dir/CMakeCCompilerABI.c.o  -o cmTryCompileExec1405216149 -rdynamic  
Using built-in specs.
COLLECT_GCC=/usr/local/bin/gcc
COLLECT_LTO_WRAPPER=/usr/local/libexec/gcc/x86_64-redhat-linux/6.3.0/lto-wrapper
Target: x86_64-redhat-linux
Configured with: ../configure --build=x86_64-redhat-linux --with-system-zlib --enable-multilib
Thread model: posix
gcc version 6.3.0 (GCC) 
COMPILER_PATH=/usr/local/libexec/gcc/x86_64-redhat-linux/6.3.0/:/usr/local/libexec/gcc/x86_64-redhat-linux/6.3.0/:/usr/local/libexec/gcc/x86_64-redhat-linux/:/usr/local/lib/gcc/x86_64-redhat-linux/6.3.0/:/usr/local/lib/gcc/x86_64-redhat-linux/
LIBRARY_PATH=/usr/local/lib/gcc/x86_64-redhat-linux/6.3.0/:/usr/local/lib/gcc/x86_64-redhat-linux/6.3.0/../../../../lib64/:/lib/../lib64/:/usr/lib/../lib64/:/usr/local/lib/gcc/x86_64-redhat-linux/6.3.0/../../../:/lib/:/usr/lib/
COLLECT_GCC_OPTIONS='-v' '-o' 'cmTryCompileExec1405216149' '-rdynamic' '-mtune=generic' '-march=x86-64'
 /usr/local/libexec/gcc/x86_64-redhat-linux/6.3.0/collect2 -plugin /usr/local/libexec/gcc/x86_64-redhat-linux/6.3.0/liblto_plugin.so -plugin-opt=/usr/local/libexec/gcc/x86_64-redhat-linux/6.3.0/lto-wrapper -plugin-opt=-fresolution=/tmp/ccvHupXU.res -plugin-opt=-pass-through=-lgcc -plugin-opt=-pass-through=-lgcc_s -plugin-opt=-pass-through=-lc -plugin-opt=-pass-through=-lgcc -plugin-opt=-pass-through=-lgcc_s --eh-frame-hdr -m elf_x86_64 -export-dynamic -dynamic-linker /lib64/ld-linux-x86-64.so.2 -o cmTryCompileExec1405216149 /lib/../lib64/crt1.o /lib/../lib64/crti.o /usr/local/lib/gcc/x86_64-redhat-linux/6.3.0/crtbegin.o -L/usr/local/lib/gcc/x86_64-redhat-linux/6.3.0 -L/usr/local/lib/gcc/x86_64-redhat-linux/6.3.0/../../../../lib64 -L/lib/../lib64 -L/usr/lib/../lib64 -L/usr/local/lib/gcc/x86_64-redhat-linux/6.3.0/../../.. CMakeFiles/cmTryCompileExec1405216149.dir/CMakeCCompilerABI.c.o -lgcc --as-needed -lgcc_s --no-as-needed -lc -lgcc --as-needed -lgcc_s --no-as-needed /usr/local/lib/gcc/x86_64-redhat-linux/6.3.0/crtend.o /lib/../lib64/crtn.o
COLLECT_GCC_OPTIONS='-v' '-o' 'cmTryCompileExec1405216149' '-rdynamic' '-mtune=generic' '-march=x86-64'
gmake[1]: Leaving directory `/home/lele/projects/Test/cmake/CMakeFiles/CMakeTmp'


Parsed C implicit link information from above output:
  link line regex: [^( *|.*[/\])(ld|([^/\]+-)?ld|collect2)[^/\]*( |$)]
  ignore line: [Change Dir: /home/lele/projects/Test/cmake/CMakeFiles/CMakeTmp]
  ignore line: []
  ignore line: [Run Build Command:"/usr/bin/gmake" "cmTryCompileExec1405216149/fast"]
  ignore line: [/usr/bin/gmake -f CMakeFiles/cmTryCompileExec1405216149.dir/build.make CMakeFiles/cmTryCompileExec1405216149.dir/build]
  ignore line: [gmake[1]: Entering directory `/home/lele/projects/Test/cmake/CMakeFiles/CMakeTmp']
  ignore line: [/usr/local/bin/cmake -E cmake_progress_report /home/lele/projects/Test/cmake/CMakeFiles/CMakeTmp/CMakeFiles 1]
  ignore line: [Building C object CMakeFiles/cmTryCompileExec1405216149.dir/CMakeCCompilerABI.c.o]
  ignore line: [/usr/local/bin/gcc    -o CMakeFiles/cmTryCompileExec1405216149.dir/CMakeCCompilerABI.c.o   -c /usr/local/share/cmake-3.2/Modules/CMakeCCompilerABI.c]
  ignore line: [Linking C executable cmTryCompileExec1405216149]
  ignore line: [/usr/local/bin/cmake -E cmake_link_script CMakeFiles/cmTryCompileExec1405216149.dir/link.txt --verbose=1]
  ignore line: [/usr/local/bin/gcc      -v CMakeFiles/cmTryCompileExec1405216149.dir/CMakeCCompilerABI.c.o  -o cmTryCompileExec1405216149 -rdynamic  ]
  ignore line: [Using built-in specs.]
  ignore line: [COLLECT_GCC=/usr/local/bin/gcc]
  ignore line: [COLLECT_LTO_WRAPPER=/usr/local/libexec/gcc/x86_64-redhat-linux/6.3.0/lto-wrapper]
  ignore line: [Target: x86_64-redhat-linux]
  ignore line: [Configured with: ../configure --build=x86_64-redhat-linux --with-system-zlib --enable-multilib]
  ignore line: [Thread model: posix]
  ignore line: [gcc version 6.3.0 (GCC) ]
  ignore line: [COMPILER_PATH=/usr/local/libexec/gcc/x86_64-redhat-linux/6.3.0/:/usr/local/libexec/gcc/x86_64-redhat-linux/6.3.0/:/usr/local/libexec/gcc/x86_64-redhat-linux/:/usr/local/lib/gcc/x86_64-redhat-linux/6.3.0/:/usr/local/lib/gcc/x86_64-redhat-linux/]
  ignore line: [LIBRARY_PATH=/usr/local/lib/gcc/x86_64-redhat-linux/6.3.0/:/usr/local/lib/gcc/x86_64-redhat-linux/6.3.0/../../../../lib64/:/lib/../lib64/:/usr/lib/../lib64/:/usr/local/lib/gcc/x86_64-redhat-linux/6.3.0/../../../:/lib/:/usr/lib/]
  ignore line: [COLLECT_GCC_OPTIONS='-v' '-o' 'cmTryCompileExec1405216149' '-rdynamic' '-mtune=generic' '-march=x86-64']
  link line: [ /usr/local/libexec/gcc/x86_64-redhat-linux/6.3.0/collect2 -plugin /usr/local/libexec/gcc/x86_64-redhat-linux/6.3.0/liblto_plugin.so -plugin-opt=/usr/local/libexec/gcc/x86_64-redhat-linux/6.3.0/lto-wrapper -plugin-opt=-fresolution=/tmp/ccvHupXU.res -plugin-opt=-pass-through=-lgcc -plugin-opt=-pass-through=-lgcc_s -plugin-opt=-pass-through=-lc -plugin-opt=-pass-through=-lgcc -plugin-opt=-pass-through=-lgcc_s --eh-frame-hdr -m elf_x86_64 -export-dynamic -dynamic-linker /lib64/ld-linux-x86-64.so.2 -o cmTryCompileExec1405216149 /lib/../lib64/crt1.o /lib/../lib64/crti.o /usr/local/lib/gcc/x86_64-redhat-linux/6.3.0/crtbegin.o -L/usr/local/lib/gcc/x86_64-redhat-linux/6.3.0 -L/usr/local/lib/gcc/x86_64-redhat-linux/6.3.0/../../../../lib64 -L/lib/../lib64 -L/usr/lib/../lib64 -L/usr/local/lib/gcc/x86_64-redhat-linux/6.3.0/../../.. CMakeFiles/cmTryCompileExec1405216149.dir/CMakeCCompilerABI.c.o -lgcc --as-needed -lgcc_s --no-as-needed -lc -lgcc --as-needed -lgcc_s --no-as-needed /usr/local/lib/gcc/x86_64-redhat-linux/6.3.0/crtend.o /lib/../lib64/crtn.o]
    arg [/usr/local/libexec/gcc/x86_64-redhat-linux/6.3.0/collect2] ==> ignore
    arg [-plugin] ==> ignore
    arg [/usr/local/libexec/gcc/x86_64-redhat-linux/6.3.0/liblto_plugin.so] ==> ignore
    arg [-plugin-opt=/usr/local/libexec/gcc/x86_64-redhat-linux/6.3.0/lto-wrapper] ==> ignore
    arg [-plugin-opt=-fresolution=/tmp/ccvHupXU.res] ==> ignore
    arg [-plugin-opt=-pass-through=-lgcc] ==> ignore
    arg [-plugin-opt=-pass-through=-lgcc_s] ==> ignore
    arg [-plugin-opt=-pass-through=-lc] ==> ignore
    arg [-plugin-opt=-pass-through=-lgcc] ==> ignore
    arg [-plugin-opt=-pass-through=-lgcc_s] ==> ignore
    arg [--eh-frame-hdr] ==> ignore
    arg [-m] ==> ignore
    arg [elf_x86_64] ==> ignore
    arg [-export-dynamic] ==> ignore
    arg [-dynamic-linker] ==> ignore
    arg [/lib64/ld-linux-x86-64.so.2] ==> ignore
    arg [-o] ==> ignore
    arg [cmTryCompileExec1405216149] ==> ignore
    arg [/lib/../lib64/crt1.o] ==> ignore
    arg [/lib/../lib64/crti.o] ==> ignore
    arg [/usr/local/lib/gcc/x86_64-redhat-linux/6.3.0/crtbegin.o] ==> ignore
    arg [-L/usr/local/lib/gcc/x86_64-redhat-linux/6.3.0] ==> dir [/usr/local/lib/gcc/x86_64-redhat-linux/6.3.0]
    arg [-L/usr/local/lib/gcc/x86_64-redhat-linux/6.3.0/../../../../lib64] ==> dir [/usr/local/lib/gcc/x86_64-redhat-linux/6.3.0/../../../../lib64]
    arg [-L/lib/../lib64] ==> dir [/lib/../lib64]
    arg [-L/usr/lib/../lib64] ==> dir [/usr/lib/../lib64]
    arg [-L/usr/local/lib/gcc/x86_64-redhat-linux/6.3.0/../../..] ==> dir [/usr/local/lib/gcc/x86_64-redhat-linux/6.3.0/../../..]
    arg [CMakeFiles/cmTryCompileExec1405216149.dir/CMakeCCompilerABI.c.o] ==> ignore
    arg [-lgcc] ==> lib [gcc]
    arg [--as-needed] ==> ignore
    arg [-lgcc_s] ==> lib [gcc_s]
    arg [--no-as-needed] ==> ignore
    arg [-lc] ==> lib [c]
    arg [-lgcc] ==> lib [gcc]
    arg [--as-needed] ==> ignore
    arg [-lgcc_s] ==> lib [gcc_s]
    arg [--no-as-needed] ==> ignore
    arg [/usr/local/lib/gcc/x86_64-redhat-linux/6.3.0/crtend.o] ==> ignore
    arg [/lib/../lib64/crtn.o] ==> ignore
  remove lib [gcc]
  remove lib [gcc_s]
  remove lib [gcc]
  remove lib [gcc_s]
  collapse library dir [/usr/local/lib/gcc/x86_64-redhat-linux/6.3.0] ==> [/usr/local/lib/gcc/x86_64-redhat-linux/6.3.0]
  collapse library dir [/usr/local/lib/gcc/x86_64-redhat-linux/6.3.0/../../../../lib64] ==> [/usr/local/lib64]
  collapse library dir [/lib/../lib64] ==> [/lib64]
  collapse library dir [/usr/lib/../lib64] ==> [/usr/lib64]
  collapse library dir [/usr/local/lib/gcc/x86_64-redhat-linux/6.3.0/../../..] ==> [/usr/local/lib]
  implicit libs: [c]
  implicit dirs: [/usr/local/lib/gcc/x86_64-redhat-linux/6.3.0;/usr/local/lib64;/lib64;/usr/lib64;/usr/local/lib]
  implicit fwks: []




Detecting C [-std=c11] compiler features compiled with the following output:
Change Dir: /home/lele/projects/Test/cmake/CMakeFiles/CMakeTmp

Run Build Command:"/usr/bin/gmake" "cmTryCompileExec3924308329/fast"
/usr/bin/gmake -f CMakeFiles/cmTryCompileExec3924308329.dir/build.make CMakeFiles/cmTryCompileExec3924308329.dir/build
gmake[1]: Entering directory `/home/lele/projects/Test/cmake/CMakeFiles/CMakeTmp'
/usr/local/bin/cmake -E cmake_progress_report /home/lele/projects/Test/cmake/CMakeFiles/CMakeTmp/CMakeFiles 1
Building C object CMakeFiles/cmTryCompileExec3924308329.dir/feature_tests.c.o
/usr/local/bin/gcc   -std=c11 -o CMakeFiles/cmTryCompileExec3924308329.dir/feature_tests.c.o   -c /home/lele/projects/Test/cmake/CMakeFiles/feature_tests.c
Linking C executable cmTryCompileExec3924308329
/usr/local/bin/cmake -E cmake_link_script CMakeFiles/cmTryCompileExec3924308329.dir/link.txt --verbose=1
/usr/local/bin/gcc       CMakeFiles/cmTryCompileExec3924308329.dir/feature_tests.c.o  -o cmTryCompileExec3924308329 -rdynamic 
gmake[1]: Leaving directory `/home/lele/projects/Test/cmake/CMakeFiles/CMakeTmp'


    Feature record: C_FEATURE:1c_function_prototypes
    Feature record: C_FEATURE:1c_restrict
    Feature record: C_FEATURE:1c_static_assert
    Feature record: C_FEATURE:1c_variadic_macros


Detecting C [-std=c99] compiler features compiled with the following output:
Change Dir: /home/lele/projects/Test/cmake/CMakeFiles/CMakeTmp

Run Build Command:"/usr/bin/gmake" "cmTryCompileExec4084517766/fast"
/usr/bin/gmake -f CMakeFiles/cmTryCompileExec4084517766.dir/build.make CMakeFiles/cmTryCompileExec4084517766.dir/build
gmake[1]: Entering directory `/home/lele/projects/Test/cmake/CMakeFiles/CMakeTmp'
/usr/local/bin/cmake -E cmake_progress_report /home/lele/projects/Test/cmake/CMakeFiles/CMakeTmp/CMakeFiles 1
Building C object CMakeFiles/cmTryCompileExec4084517766.dir/feature_tests.c.o
/usr/local/bin/gcc   -std=c99 -o CMakeFiles/cmTryCompileExec4084517766.dir/feature_tests.c.o   -c /home/lele/projects/Test/cmake/CMakeFiles/feature_tests.c
Linking C executable cmTryCompileExec4084517766
/usr/local/bin/cmake -E cmake_link_script CMakeFiles/cmTryCompileExec4084517766.dir/link.txt --verbose=1
/usr/local/bin/gcc       CMakeFiles/cmTryCompileExec4084517766.dir/feature_tests.c.o  -o cmTryCompileExec4084517766 -rdynamic 
gmake[1]: Leaving directory `/home/lele/projects/Test/cmake/CMakeFiles/CMakeTmp'


    Feature record: C_FEATURE:1c_function_prototypes
    Feature record: C_FEATURE:1c_restrict
    Feature record: C_FEATURE:0c_static_assert
    Feature record: C_FEATURE:1c_variadic_macros


Detecting C [-std=c90] compiler features compiled with the following output:
Change Dir: /home/lele/projects/Test/cmake/CMakeFiles/CMakeTmp

Run Build Command:"/usr/bin/gmake" "cmTryCompileExec4000127613/fast"
/usr/bin/gmake -f CMakeFiles/cmTryCompileExec4000127613.dir/build.make CMakeFiles/cmTryCompileExec4000127613.dir/build
gmake[1]: Entering directory `/home/lele/projects/Test/cmake/CMakeFiles/CMakeTmp'
/usr/local/bin/cmake -E cmake_progress_report /home/lele/projects/Test/cmake/CMakeFiles/CMakeTmp/CMakeFiles 1
Building C object CMakeFiles/cmTryCompileExec4000127613.dir/feature_tests.c.o
/usr/local/bin/gcc   -std=c90 -o CMakeFiles/cmTryCompileExec4000127613.dir/feature_tests.c.o   -c /home/lele/projects/Test/cmake/CMakeFiles/feature_tests.c
Linking C executable cmTryCompileExec4000127613
/usr/local/bin/cmake -E cmake_link_script CMakeFiles/cmTryCompileExec4000127613.dir/link.txt --verbose=1
/usr/local/bin/gcc       CMakeFiles/cmTryCompileExec4000127613.dir/feature_tests.c.o  -o cmTryCompileExec4000127613 -rdynamic 
gmake[1]: Leaving directory `/home/lele/projects/Test/cmake/CMakeFiles/CMakeTmp'


    Feature record: C_FEATURE:1c_function_prototypes
    Feature record: C_FEATURE:0c_restrict
    Feature record: C_FEATURE:0c_static_assert
    Feature record: C_FEATURE:0c_variadic_macros
Determining if the CXX compiler works passed with the following output:
Change Dir: /home/lele/projects/Test/cmake/CMakeFiles/CMakeTmp

Run Build Command:"/usr/bin/gmake" "cmTryCompileExec3609738468/fast"
/usr/bin/gmake -f CMakeFiles/cmTryCompileExec3609738468.dir/build.make CMakeFiles/cmTryCompileExec3609738468.dir/build
gmake[1]: Entering directory `/home/lele/projects/Test/cmake/CMakeFiles/CMakeTmp'
/usr/local/bin/cmake -E cmake_progress_report /home/lele/projects/Test/cmake/CMakeFiles/CMakeTmp/CMakeFiles 1
Building CXX object CMakeFiles/cmTryCompileExec3609738468.dir/testCXXCompiler.cxx.o
/usr/local/bin/c++     -o CMakeFiles/cmTryCompileExec3609738468.dir/testCXXCompiler.cxx.o -c /home/lele/projects/Test/cmake/CMakeFiles/CMakeTmp/testCXXCompiler.cxx
Linking CXX executable cmTryCompileExec3609738468
/usr/local/bin/cmake -E cmake_link_script CMakeFiles/cmTryCompileExec3609738468.dir/link.txt --verbose=1
/usr/local/bin/c++        CMakeFiles/cmTryCompileExec3609738468.dir/testCXXCompiler.cxx.o  -o cmTryCompileExec3609738468 -rdynamic 
gmake[1]: Leaving directory `/home/lele/projects/Test/cmake/CMakeFiles/CMakeTmp'


Detecting CXX compiler ABI info compiled with the following output:
Change Dir: /home/lele/projects/Test/cmake/CMakeFiles/CMakeTmp

Run Build Command:"/usr/bin/gmake" "cmTryCompileExec927977066/fast"
/usr/bin/gmake -f CMakeFiles/cmTryCompileExec927977066.dir/build.make CMakeFiles/cmTryCompileExec927977066.dir/build
gmake[1]: Entering directory `/home/lele/projects/Test/cmake/CMakeFiles/CMakeTmp'
/usr/local/bin/cmake -E cmake_progress_report /home/lele/projects/Test/cmake/CMakeFiles/CMakeTmp/CMakeFiles 1
Building CXX object CMakeFiles/cmTryCompileExec927977066.dir/CMakeCXXCompilerABI.cpp.o
/usr/local/bin/c++     -o CMakeFiles/cmTryCompileExec927977066.dir/CMakeCXXCompilerABI.cpp.o -c /usr/local/share/cmake-3.2/Modules/CMakeCXXCompilerABI.cpp
Linking CXX executable cmTryCompileExec927977066
/usr/local/bin/cmake -E cmake_link_script CMakeFiles/cmTryCompileExec927977066.dir/link.txt --verbose=1
/usr/local/bin/c++       -v CMakeFiles/cmTryCompileExec927977066.dir/CMakeCXXCompilerABI.cpp.o  -o cmTryCompileExec927977066 -rdynamic  
Using built-in specs.
COLLECT_GCC=/usr/local/bin/c++
COLLECT_LTO_WRAPPER=/usr/local/libexec/gcc/x86_64-redhat-linux/6.3.0/lto-wrapper
Target: x86_64-redhat-linux
Configured with: ../configure --build=x86_64-redhat-linux --with-system-zlib --enable-multilib
Thread model: posix
gcc version 6.3.0 (GCC) 
COMPILER_PATH=/usr/local/libexec/gcc/x86_64-redhat-linux/6.3.0/:/usr/local/libexec/gcc/x86_64-redhat-linux/6.3.0/:/usr/local/libexec/gcc/x86_64-redhat-linux/:/usr/local/lib/gcc/x86_64-redhat-linux/6.3.0/:/usr/local/lib/gcc/x86_64-redhat-linux/
LIBRARY_PATH=/usr/local/lib/gcc/x86_64-redhat-linux/6.3.0/:/usr/local/lib/gcc/x86_64-redhat-linux/6.3.0/../../../../lib64/:/lib/../lib64/:/usr/lib/../lib64/:/usr/local/lib/gcc/x86_64-redhat-linux/6.3.0/../../../:/lib/:/usr/lib/
COLLECT_GCC_OPTIONS='-v' '-o' 'cmTryCompileExec927977066' '-rdynamic' '-shared-libgcc' '-mtune=generic' '-march=x86-64'
 /usr/local/libexec/gcc/x86_64-redhat-linux/6.3.0/collect2 -plugin /usr/local/libexec/gcc/x86_64-redhat-linux/6.3.0/liblto_plugin.so -plugin-opt=/usr/local/libexec/gcc/x86_64-redhat-linux/6.3.0/lto-wrapper -plugin-opt=-fresolution=/tmp/cc8NAFMt.res -plugin-opt=-pass-through=-lgcc_s -plugin-opt=-pass-through=-lgcc -plugin-opt=-pass-through=-lc -plugin-opt=-pass-through=-lgcc_s -plugin-opt=-pass-through=-lgcc --eh-frame-hdr -m elf_x86_64 -export-dynamic -dynamic-linker /lib64/ld-linux-x86-64.so.2 -o cmTryCompileExec927977066 /lib/../lib64/crt1.o /lib/../lib64/crti.o /usr/local/lib/gcc/x86_64-redhat-linux/6.3.0/crtbegin.o -L/usr/local/lib/gcc/x86_64-redhat-linux/6.3.0 -L/usr/local/lib/gcc/x86_64-redhat-linux/6.3.0/../../../../lib64 -L/lib/../lib64 -L/usr/lib/../lib64 -L/usr/local/lib/gcc/x86_64-redhat-linux/6.3.0/../../.. CMakeFiles/cmTryCompileExec927977066.dir/CMakeCXXCompilerABI.cpp.o -lstdc++ -lm -lgcc_s -lgcc -lc -lgcc_s -lgcc /usr/local/lib/gcc/x86_64-redhat-linux/6.3.0/crtend.o /lib/../lib64/crtn.o
COLLECT_GCC_OPTIONS='-v' '-o' 'cmTryCompileExec927977066' '-rdynamic' '-shared-libgcc' '-mtune=generic' '-march=x86-64'
gmake[1]: Leaving directory `/home/lele/projects/Test/cmake/CMakeFiles/CMakeTmp'


Parsed CXX implicit link information from above output:
  link line regex: [^( *|.*[/\])(ld|([^/\]+-)?ld|collect2)[^/\]*( |$)]
  ignore line: [Change Dir: /home/lele/projects/Test/cmake/CMakeFiles/CMakeTmp]
  ignore line: []
  ignore line: [Run Build Command:"/usr/bin/gmake" "cmTryCompileExec927977066/fast"]
  ignore line: [/usr/bin/gmake -f CMakeFiles/cmTryCompileExec927977066.dir/build.make CMakeFiles/cmTryCompileExec927977066.dir/build]
  ignore line: [gmake[1]: Entering directory `/home/lele/projects/Test/cmake/CMakeFiles/CMakeTmp']
  ignore line: [/usr/local/bin/cmake -E cmake_progress_report /home/lele/projects/Test/cmake/CMakeFiles/CMakeTmp/CMakeFiles 1]
  ignore line: [Building CXX object CMakeFiles/cmTryCompileExec927977066.dir/CMakeCXXCompilerABI.cpp.o]
  ignore line: [/usr/local/bin/c++     -o CMakeFiles/cmTryCompileExec927977066.dir/CMakeCXXCompilerABI.cpp.o -c /usr/local/share/cmake-3.2/Modules/CMakeCXXCompilerABI.cpp]
  ignore line: [Linking CXX executable cmTryCompileExec927977066]
  ignore line: [/usr/local/bin/cmake -E cmake_link_script CMakeFiles/cmTryCompileExec927977066.dir/link.txt --verbose=1]
  ignore line: [/usr/local/bin/c++       -v CMakeFiles/cmTryCompileExec927977066.dir/CMakeCXXCompilerABI.cpp.o  -o cmTryCompileExec927977066 -rdynamic  ]
  ignore line: [Using built-in specs.]
  ignore line: [COLLECT_GCC=/usr/local/bin/c++]
  ignore line: [COLLECT_LTO_WRAPPER=/usr/local/libexec/gcc/x86_64-redhat-linux/6.3.0/lto-wrapper]
  ignore line: [Target: x86_64-redhat-linux]
  ignore line: [Configured with: ../configure --build=x86_64-redhat-linux --with-system-zlib --enable-multilib]
  ignore line: [Thread model: posix]
  ignore line: [gcc version 6.3.0 (GCC) ]
  ignore line: [COMPILER_PATH=/usr/local/libexec/gcc/x86_64-redhat-linux/6.3.0/:/usr/local/libexec/gcc/x86_64-redhat-linux/6.3.0/:/usr/local/libexec/gcc/x86_64-redhat-linux/:/usr/local/lib/gcc/x86_64-redhat-linux/6.3.0/:/usr/local/lib/gcc/x86_64-redhat-linux/]
  ignore line: [LIBRARY_PATH=/usr/local/lib/gcc/x86_64-redhat-linux/6.3.0/:/usr/local/lib/gcc/x86_64-redhat-linux/6.3.0/../../../../lib64/:/lib/../lib64/:/usr/lib/../lib64/:/usr/local/lib/gcc/x86_64-redhat-linux/6.3.0/../../../:/lib/:/usr/lib/]
  ignore line: [COLLECT_GCC_OPTIONS='-v' '-o' 'cmTryCompileExec927977066' '-rdynamic' '-shared-libgcc' '-mtune=generic' '-march=x86-64']
  link line: [ /usr/local/libexec/gcc/x86_64-redhat-linux/6.3.0/collect2 -plugin /usr/local/libexec/gcc/x86_64-redhat-linux/6.3.0/liblto_plugin.so -plugin-opt=/usr/local/libexec/gcc/x86_64-redhat-linux/6.3.0/lto-wrapper -plugin-opt=-fresolution=/tmp/cc8NAFMt.res -plugin-opt=-pass-through=-lgcc_s -plugin-opt=-pass-through=-lgcc -plugin-opt=-pass-through=-lc -plugin-opt=-pass-through=-lgcc_s -plugin-opt=-pass-through=-lgcc --eh-frame-hdr -m elf_x86_64 -export-dynamic -dynamic-linker /lib64/ld-linux-x86-64.so.2 -o cmTryCompileExec927977066 /lib/../lib64/crt1.o /lib/../lib64/crti.o /usr/local/lib/gcc/x86_64-redhat-linux/6.3.0/crtbegin.o -L/usr/local/lib/gcc/x86_64-redhat-linux/6.3.0 -L/usr/local/lib/gcc/x86_64-redhat-linux/6.3.0/../../../../lib64 -L/lib/../lib64 -L/usr/lib/../lib64 -L/usr/local/lib/gcc/x86_64-redhat-linux/6.3.0/../../.. CMakeFiles/cmTryCompileExec927977066.dir/CMakeCXXCompilerABI.cpp.o -lstdc++ -lm -lgcc_s -lgcc -lc -lgcc_s -lgcc /usr/local/lib/gcc/x86_64-redhat-linux/6.3.0/crtend.o /lib/../lib64/crtn.o]
    arg [/usr/local/libexec/gcc/x86_64-redhat-linux/6.3.0/collect2] ==> ignore
    arg [-plugin] ==> ignore
    arg [/usr/local/libexec/gcc/x86_64-redhat-linux/6.3.0/liblto_plugin.so] ==> ignore
    arg [-plugin-opt=/usr/local/libexec/gcc/x86_64-redhat-linux/6.3.0/lto-wrapper] ==> ignore
    arg [-plugin-opt=-fresolution=/tmp/cc8NAFMt.res] ==> ignore
    arg [-plugin-opt=-pass-through=-lgcc_s] ==> ignore
    arg [-plugin-opt=-pass-through=-lgcc] ==> ignore
    arg [-plugin-opt=-pass-through=-lc] ==> ignore
    arg [-plugin-opt=-pass-through=-lgcc_s] ==> ignore
    arg [-plugin-opt=-pass-through=-lgcc] ==> ignore
    arg [--eh-frame-hdr] ==> ignore
    arg [-m] ==> ignore
    arg [elf_x86_64] ==> ignore
    arg [-export-dynamic] ==> ignore
    arg [-dynamic-linker] ==> ignore
    arg [/lib64/ld-linux-x86-64.so.2] ==> ignore
    arg [-o] ==> ignore
    arg [cmTryCompileExec927977066] ==> ignore
    arg [/lib/../lib64/crt1.o] ==> ignore
    arg [/lib/../lib64/crti.o] ==> ignore
    arg [/usr/local/lib/gcc/x86_64-redhat-linux/6.3.0/crtbegin.o] ==> ignore
    arg [-L/usr/local/lib/gcc/x86_64-redhat-linux/6.3.0] ==> dir [/usr/local/lib/gcc/x86_64-redhat-linux/6.3.0]
    arg [-L/usr/local/lib/gcc/x86_64-redhat-linux/6.3.0/../../../../lib64] ==> dir [/usr/local/lib/gcc/x86_64-redhat-linux/6.3.0/../../../../lib64]
    arg [-L/lib/../lib64] ==> dir [/lib/../lib64]
    arg [-L/usr/lib/../lib64] ==> dir [/usr/lib/../lib64]
    arg [-L/usr/local/lib/gcc/x86_64-redhat-linux/6.3.0/../../..] ==> dir [/usr/local/lib/gcc/x86_64-redhat-linux/6.3.0/../../..]
    arg [CMakeFiles/cmTryCompileExec927977066.dir/CMakeCXXCompilerABI.cpp.o] ==> ignore
    arg [-lstdc++] ==> lib [stdc++]
    arg [-lm] ==> lib [m]
    arg [-lgcc_s] ==> lib [gcc_s]
    arg [-lgcc] ==> lib [gcc]
    arg [-lc] ==> lib [c]
    arg [-lgcc_s] ==> lib [gcc_s]
    arg [-lgcc] ==> lib [gcc]
    arg [/usr/local/lib/gcc/x86_64-redhat-linux/6.3.0/crtend.o] ==> ignore
    arg [/lib/../lib64/crtn.o] ==> ignore
  remove lib [gcc_s]
  remove lib [gcc]
  remove lib [gcc_s]
  remove lib [gcc]
  collapse library dir [/usr/local/lib/gcc/x86_64-redhat-linux/6.3.0] ==> [/usr/local/lib/gcc/x86_64-redhat-linux/6.3.0]
  collapse library dir [/usr/local/lib/gcc/x86_64-redhat-linux/6.3.0/../../../../lib64] ==> [/usr/local/lib64]
  collapse library dir [/lib/../lib64] ==> [/lib64]
  collapse library dir [/usr/lib/../lib64] ==> [/usr/lib64]
  collapse library dir [/usr/local/lib/gcc/x86_64-redhat-linux/6.3.0/../../..] ==> [/usr/local/lib]
  implicit libs: [stdc++;m;c]
  implicit dirs: [/usr/local/lib/gcc/x86_64-redhat-linux/6.3.0;/usr/local/lib64;/lib64;/usr/lib64;/usr/local/lib]
  implicit fwks: []




Detecting CXX [-std=c++14] compiler features compiled with the following output:
Change Dir: /home/lele/projects/Test/cmake/CMakeFiles/CMakeTmp

Run Build Command:"/usr/bin/gmake" "cmTryCompileExec3915708240/fast"
/usr/bin/gmake -f CMakeFiles/cmTryCompileExec3915708240.dir/build.make CMakeFiles/cmTryCompileExec3915708240.dir/build
gmake[1]: Entering directory `/home/lele/projects/Test/cmake/CMakeFiles/CMakeTmp'
/usr/local/bin/cmake -E cmake_progress_report /home/lele/projects/Test/cmake/CMakeFiles/CMakeTmp/CMakeFiles 1
Building CXX object CMakeFiles/cmTryCompileExec3915708240.dir/feature_tests.cxx.o
/usr/local/bin/c++    -std=c++14 -o CMakeFiles/cmTryCompileExec3915708240.dir/feature_tests.cxx.o -c /home/lele/projects/Test/cmake/CMakeFiles/feature_tests.cxx
Linking CXX executable cmTryCompileExec3915708240
/usr/local/bin/cmake -E cmake_link_script CMakeFiles/cmTryCompileExec3915708240.dir/link.txt --verbose=1
/usr/local/bin/c++        CMakeFiles/cmTryCompileExec3915708240.dir/feature_tests.cxx.o  -o cmTryCompileExec3915708240 -rdynamic 
gmake[1]: Leaving directory `/home/lele/projects/Test/cmake/CMakeFiles/CMakeTmp'


    Feature record: CXX_FEATURE:1cxx_aggregate_default_initializers
    Feature record: CXX_FEATURE:1cxx_alias_templates
    Feature record: CXX_FEATURE:1cxx_alignas
    Feature record: CXX_FEATURE:1cxx_alignof
    Feature record: CXX_FEATURE:1cxx_attributes
    Feature record: CXX_FEATURE:1cxx_attribute_deprecated
    Feature record: CXX_FEATURE:1cxx_auto_type
    Feature record: CXX_FEATURE:1cxx_binary_literals
    Feature record: CXX_FEATURE:1cxx_constexpr
    Feature record: CXX_FEATURE:1cxx_contextual_conversions
    Feature record: CXX_FEATURE:1cxx_decltype
    Feature record: CXX_FEATURE:1cxx_decltype_auto
    Feature record: CXX_FEATURE:1cxx_decltype_incomplete_return_types
    Feature record: CXX_FEATURE:1cxx_default_function_template_args
    Feature record: CXX_FEATURE:1cxx_defaulted_functions
    Feature record: CXX_FEATURE:1cxx_defaulted_move_initializers
    Feature record: CXX_FEATURE:1cxx_delegating_constructors
    Feature record: CXX_FEATURE:1cxx_deleted_functions
    Feature record: CXX_FEATURE:1cxx_digit_separators
    Feature record: CXX_FEATURE:1cxx_enum_forward_declarations
    Feature record: CXX_FEATURE:1cxx_explicit_conversions
    Feature record: CXX_FEATURE:1cxx_extended_friend_declarations
    Feature record: CXX_FEATURE:1cxx_extern_templates
    Feature record: CXX_FEATURE:1cxx_final
    Feature record: CXX_FEATURE:1cxx_func_identifier
    Feature record: CXX_FEATURE:1cxx_generalized_initializers
    Feature record: CXX_FEATURE:1cxx_generic_lambdas
    Feature record: CXX_FEATURE:1cxx_inheriting_constructors
    Feature record: CXX_FEATURE:1cxx_inline_namespaces
    Feature record: CXX_FEATURE:1cxx_lambdas
    Feature record: CXX_FEATURE:1cxx_lambda_init_captures
    Feature record: CXX_FEATURE:1cxx_local_type_template_args
    Feature record: CXX_FEATURE:1cxx_long_long_type
    Feature record: CXX_FEATURE:1cxx_noexcept
    Feature record: CXX_FEATURE:1cxx_nonstatic_member_init
    Feature record: CXX_FEATURE:1cxx_nullptr
    Feature record: CXX_FEATURE:1cxx_override
    Feature record: CXX_FEATURE:1cxx_range_for
    Feature record: CXX_FEATURE:1cxx_raw_string_literals
    Feature record: CXX_FEATURE:1cxx_reference_qualified_functions
    Feature record: CXX_FEATURE:1cxx_relaxed_constexpr
    Feature record: CXX_FEATURE:1cxx_return_type_deduction
    Feature record: CXX_FEATURE:1cxx_right_angle_brackets
    Feature record: CXX_FEATURE:1cxx_rvalue_references
    Feature record: CXX_FEATURE:1cxx_sizeof_member
    Feature record: CXX_FEATURE:1cxx_static_assert
    Feature record: CXX_FEATURE:1cxx_strong_enums
    Feature record: CXX_FEATURE:1cxx_template_template_parameters
    Feature record: CXX_FEATURE:1cxx_thread_local
    Feature record: CXX_FEATURE:1cxx_trailing_return_types
    Feature record: CXX_FEATURE:1cxx_unicode_literals
    Feature record: CXX_FEATURE:1cxx_uniform_initialization
    Feature record: CXX_FEATURE:1cxx_unrestricted_unions
    Feature record: CXX_FEATURE:1cxx_user_literals
    Feature record: CXX_FEATURE:1cxx_variable_templates
    Feature record: CXX_FEATURE:1cxx_variadic_macros
    Feature record: CXX_FEATURE:1cxx_variadic_templates


Detecting CXX [-std=c++11] compiler features compiled with the following output:
Change Dir: /home/lele/projects/Test/cmake/CMakeFiles/CMakeTmp

Run Build Command:"/usr/bin/gmake" "cmTryCompileExec772250820/fast"
/usr/bin/gmake -f CMakeFiles/cmTryCompileExec772250820.dir/build.make CMakeFiles/cmTryCompileExec772250820.dir/build
gmake[1]: Entering directory `/home/lele/projects/Test/cmake/CMakeFiles/CMakeTmp'
/usr/local/bin/cmake -E cmake_progress_report /home/lele/projects/Test/cmake/CMakeFiles/CMakeTmp/CMakeFiles 1
Building CXX object CMakeFiles/cmTryCompileExec772250820.dir/feature_tests.cxx.o
/usr/local/bin/c++    -std=c++11 -o CMakeFiles/cmTryCompileExec772250820.dir/feature_tests.cxx.o -c /home/lele/projects/Test/cmake/CMakeFiles/feature_tests.cxx
Linking CXX executable cmTryCompileExec772250820
/usr/local/bin/cmake -E cmake_link_script CMakeFiles/cmTryCompileExec772250820.dir/link.txt --verbose=1
/usr/local/bin/c++        CMakeFiles/cmTryCompileExec772250820.dir/feature_tests.cxx.o  -o cmTryCompileExec772250820 -rdynamic 
gmake[1]: Leaving directory `/home/lele/projects/Test/cmake/CMakeFiles/CMakeTmp'


    Feature record: CXX_FEATURE:0cxx_aggregate_default_initializers
    Feature record: CXX_FEATURE:1cxx_alias_templates
    Feature record: CXX_FEATURE:1cxx_alignas
    Feature record: CXX_FEATURE:1cxx_alignof
    Feature record: CXX_FEATURE:1cxx_attributes
    Feature record: CXX_FEATURE:0cxx_attribute_deprecated
    Feature record: CXX_FEATURE:1cxx_auto_type
    Feature record: CXX_FEATURE:0cxx_binary_literals
    Feature record: CXX_FEATURE:1cxx_constexpr
    Feature record: CXX_FEATURE:0cxx_contextual_conversions
    Feature record: CXX_FEATURE:1cxx_decltype
    Feature record: CXX_FEATURE:0cxx_decltype_auto
    Feature record: CXX_FEATURE:1cxx_decltype_incomplete_return_types
    Feature record: CXX_FEATURE:1cxx_default_function_template_args
    Feature record: CXX_FEATURE:1cxx_defaulted_functions
    Feature record: CXX_FEATURE:1cxx_defaulted_move_initializers
    Feature record: CXX_FEATURE:1cxx_delegating_constructors
    Feature record: CXX_FEATURE:1cxx_deleted_functions
    Feature record: CXX_FEATURE:0cxx_digit_separators
    Feature record: CXX_FEATURE:1cxx_enum_forward_declarations
    Feature record: CXX_FEATURE:1cxx_explicit_conversions
    Feature record: CXX_FEATURE:1cxx_extended_friend_declarations
    Feature record: CXX_FEATURE:1cxx_extern_templates
    Feature record: CXX_FEATURE:1cxx_final
    Feature record: CXX_FEATURE:1cxx_func_identifier
    Feature record: CXX_FEATURE:1cxx_generalized_initializers
    Feature record: CXX_FEATURE:0cxx_generic_lambdas
    Feature record: CXX_FEATURE:1cxx_inheriting_constructors
    Feature record: CXX_FEATURE:1cxx_inline_namespaces
    Feature record: CXX_FEATURE:1cxx_lambdas
    Feature record: CXX_FEATURE:0cxx_lambda_init_captures
    Feature record: CXX_FEATURE:1cxx_local_type_template_args
    Feature record: CXX_FEATURE:1cxx_long_long_type
    Feature record: CXX_FEATURE:1cxx_noexcept
    Feature record: CXX_FEATURE:1cxx_nonstatic_member_init
    Feature record: CXX_FEATURE:1cxx_nullptr
    Feature record: CXX_FEATURE:1cxx_override
    Feature record: CXX_FEATURE:1cxx_range_for
    Feature record: CXX_FEATURE:1cxx_raw_string_literals
    Feature record: CXX_FEATURE:1cxx_reference_qualified_functions
    Feature record: CXX_FEATURE:0cxx_relaxed_constexpr
    Feature record: CXX_FEATURE:0cxx_return_type_deduction
    Feature record: CXX_FEATURE:1cxx_right_angle_brackets
    Feature record: CXX_FEATURE:1cxx_rvalue_references
    Feature record: CXX_FEATURE:1cxx_sizeof_member
    Feature record: CXX_FEATURE:1cxx_static_assert
    Feature record: CXX_FEATURE:1cxx_strong_enums
    Feature record: CXX_FEATURE:1cxx_template_template_parameters
    Feature record: CXX_FEATURE:1cxx_thread_local
    Feature record: CXX_FEATURE:1cxx_trailing_return_types
    Feature record: CXX_FEATURE:1cxx_unicode_literals
    Feature record: CXX_FEATURE:1cxx_uniform_initialization
    Feature record: CXX_FEATURE:1cxx_unrestricted_unions
    Feature record: CXX_FEATURE:1cxx_user_literals
    Feature record: CXX_FEATURE:0cxx_variable_templates
    Feature record: CXX_FEATURE:1cxx_variadic_macros
    Feature record: CXX_FEATURE:1cxx_variadic_templates


Detecting CXX [-std=c++98] compiler features compiled with the following output:
Change Dir: /home/lele/projects/Test/cmake/CMakeFiles/CMakeTmp

Run Build Command:"/usr/bin/gmake" "cmTryCompileExec3225932347/fast"
/usr/bin/gmake -f CMakeFiles/cmTryCompileExec3225932347.dir/build.make CMakeFiles/cmTryCompileExec3225932347.dir/build
gmake[1]: Entering directory `/home/lele/projects/Test/cmake/CMakeFiles/CMakeTmp'
/usr/local/bin/cmake -E cmake_progress_report /home/lele/projects/Test/cmake/CMakeFiles/CMakeTmp/CMakeFiles 1
Building CXX object CMakeFiles/cmTryCompileExec3225932347.dir/feature_tests.cxx.o
/usr/local/bin/c++    -std=c++98 -o CMakeFiles/cmTryCompileExec3225932347.dir/feature_tests.cxx.o -c /home/lele/projects/Test/cmake/CMakeFiles/feature_tests.cxx
Linking CXX executable cmTryCompileExec3225932347
/usr/local/bin/cmake -E cmake_link_script CMakeFiles/cmTryCompileExec3225932347.dir/link.txt --verbose=1
/usr/local/bin/c++        CMakeFiles/cmTryCompileExec3225932347.dir/feature_tests.cxx.o  -o cmTryCompileExec3225932347 -rdynamic 
gmake[1]: Leaving directory `/home/lele/projects/Test/cmake/CMakeFiles/CMakeTmp'


    Feature record: CXX_FEATURE:0cxx_aggregate_default_initializers
    Feature record: CXX_FEATURE:0cxx_alias_templates
    Feature record: CXX_FEATURE:0cxx_alignas
    Feature record: CXX_FEATURE:0cxx_alignof
    Feature record: CXX_FEATURE:0cxx_attributes
    Feature record: CXX_FEATURE:0cxx_attribute_deprecated
    Feature record: CXX_FEATURE:0cxx_auto_type
    Feature record: CXX_FEATURE:0cxx_binary_literals
    Feature record: CXX_FEATURE:0cxx_constexpr
    Feature record: CXX_FEATURE:0cxx_contextual_conversions
    Feature record: CXX_FEATURE:0cxx_decltype
    Feature record: CXX_FEATURE:0cxx_decltype_auto
    Feature record: CXX_FEATURE:0cxx_decltype_incomplete_return_types
    Feature record: CXX_FEATURE:0cxx_default_function_template_args
    Feature record: CXX_FEATURE:0cxx_defaulted_functions
    Feature record: CXX_FEATURE:0cxx_defaulted_move_initializers
    Feature record: CXX_FEATURE:0cxx_delegating_constructors
    Feature record: CXX_FEATURE:0cxx_deleted_functions
    Feature record: CXX_FEATURE:0cxx_digit_separators
    Feature record: CXX_FEATURE:0cxx_enum_forward_declarations
    Feature record: CXX_FEATURE:0cxx_explicit_conversions
    Feature record: CXX_FEATURE:0cxx_extended_friend_declarations
    Feature record: CXX_FEATURE:0cxx_extern_templates
    Feature record: CXX_FEATURE:0cxx_final
    Feature record: CXX_FEATURE:0cxx_func_identifier
    Feature record: CXX_FEATURE:0cxx_generalized_initializers
    Feature record: CXX_FEATURE:0cxx_generic_lambdas
    Feature record: CXX_FEATURE:0cxx_inheriting_constructors
    Feature record: CXX_FEATURE:0cxx_inline_namespaces
    Feature record: CXX_FEATURE:0cxx_lambdas
    Feature record: CXX_FEATURE:0cxx_lambda_init_captures
    Feature record: CXX_FEATURE:0cxx_local_type_template_args
    Feature record: CXX_FEATURE:0cxx_long_long_type
    Feature record: CXX_FEATURE:0cxx_noexcept
    Feature record: CXX_FEATURE:0cxx_nonstatic_member_init
    Feature record: CXX_FEATURE:0cxx_nullptr
    Feature record: CXX_FEATURE:0cxx_override
    Feature record: CXX_FEATURE:0cxx_range_for
    Feature record: CXX_FEATURE:0cxx_raw_string_literals
    Feature record: CXX_FEATURE:0cxx_reference_qualified_functions
    Feature record: CXX_FEATURE:0cxx_relaxed_constexpr
    Feature record: CXX_FEATURE:0cxx_return_type_deduction
    Feature record: CXX_FEATURE:0cxx_right_angle_brackets
    Feature record: CXX_FEATURE:0cxx_rvalue_references
    Feature record: CXX_FEATURE:0cxx_sizeof_member
    Feature record: CXX_FEATURE:0cxx_static_assert
    Feature record: CXX_FEATURE:0cxx_strong_enums
    Feature record: CXX_FEATURE:1cxx_template_template_parameters
    Feature record: CXX_FEATURE:0cxx_thread_local
    Feature record: CXX_FEATURE:0cxx_trailing_return_types
    Feature record: CXX_FEATURE:0cxx_unicode_literals
    Feature record: CXX_FEATURE:0cxx_uniform_initialization
    Feature record: CXX_FEATURE:0cxx_unrestricted_unions
    Feature record: CXX_FEATURE:0cxx_user_literals
    Feature record: CXX_FEATURE:0cxx_variable_templates
    Feature record: CXX_FEATURE:0cxx_variadic_macros
    Feature record: CXX_FEATURE:0cxx_variadic_templates
The system is: Linux - 3.10.0-693.21.1.el7.x86_64 - x86_64
Compiling the C compiler identification source file "CMakeCCompilerId.c" succeeded.
Compiler: /usr/local/bin/gcc 
Build flags: 
Id flags:  

The output was:
0


Compilation of the C compiler identification source "CMakeCCompilerId.c" produced "a.out"

The C compiler identification is GNU, found in "/home/lele/projects/Test/cmake/CMakeFiles/3.8.2/CompilerIdC/a.out"

Compiling the CXX compiler identification source file "CMakeCXXCompilerId.cpp" succeeded.
Compiler: /usr/local/bin/c++ 
Build flags: 
Id flags:  

The output was:
0


Compilation of the CXX compiler identification source "CMakeCXXCompilerId.cpp" produced "a.out"

The CXX compiler identification is GNU, found in "/home/lele/projects/Test/cmake/CMakeFiles/3.8.2/CompilerIdCXX/a.out"

Determining if the C compiler works passed with the following output:
Change Dir: /home/lele/projects/Test/cmake/CMakeFiles/CMakeTmp

Run Build Command:"/usr/bin/gmake" "cmTC_a0ca1/fast"
/usr/bin/gmake -f CMakeFiles/cmTC_a0ca1.dir/build.make CMakeFiles/cmTC_a0ca1.dir/build
gmake[1]: Entering directory `/home/lele/projects/Test/cmake/CMakeFiles/CMakeTmp'
Building C object CMakeFiles/cmTC_a0ca1.dir/testCCompiler.c.o
/usr/local/bin/gcc    -o CMakeFiles/cmTC_a0ca1.dir/testCCompiler.c.o   -c /home/lele/projects/Test/cmake/CMakeFiles/CMakeTmp/testCCompiler.c
Linking C executable cmTC_a0ca1
/usr/local/bin/cmake -E cmake_link_script CMakeFiles/cmTC_a0ca1.dir/link.txt --verbose=1
/usr/local/bin/gcc      -rdynamic CMakeFiles/cmTC_a0ca1.dir/testCCompiler.c.o  -o cmTC_a0ca1 
gmake[1]: Leaving directory `/home/lele/projects/Test/cmake/CMakeFiles/CMakeTmp'


Detecting C compiler ABI info compiled with the following output:
Change Dir: /home/lele/projects/Test/cmake/CMakeFiles/CMakeTmp

Run Build Command:"/usr/bin/gmake" "cmTC_4d603/fast"
/usr/bin/gmake -f CMakeFiles/cmTC_4d603.dir/build.make CMakeFiles/cmTC_4d603.dir/build
gmake[1]: Entering directory `/home/lele/projects/Test/cmake/CMakeFiles/CMakeTmp'
Building C object CMakeFiles/cmTC_4d603.dir/CMakeCCompilerABI.c.o
/usr/local/bin/gcc    -o CMakeFiles/cmTC_4d603.dir/CMakeCCompilerABI.c.o   -c /usr/local/share/cmake-3.8/Modules/CMakeCCompilerABI.c
Linking C executable cmTC_4d603
/usr/local/bin/cmake -E cmake_link_script CMakeFiles/cmTC_4d603.dir/link.txt --verbose=1
/usr/local/bin/gcc     -v -rdynamic CMakeFiles/cmTC_4d603.dir/CMakeCCompilerABI.c.o  -o cmTC_4d603 
Using built-in specs.
COLLECT_GCC=/usr/local/bin/gcc
COLLECT_LTO_WRAPPER=/usr/local/libexec/gcc/x86_64-redhat-linux/7.2.0/lto-wrapper
Target: x86_64-redhat-linux
Configured with: ../configure --prefix=/usr/local --build=x86_64-redhat-linux --enable-multilib --with-system-zlib
Thread model: posix
gcc version 7.2.0 (GCC) 
COMPILER_PATH=/usr/local/libexec/gcc/x86_64-redhat-linux/7.2.0/:/usr/local/libexec/gcc/x86_64-redhat-linux/7.2.0/:/usr/local/libexec/gcc/x86_64-redhat-linux/:/usr/local/lib/gcc/x86_64-redhat-linux/7.2.0/:/usr/local/lib/gcc/x86_64-redhat-linux/
LIBRARY_PATH=/usr/local/lib/gcc/x86_64-redhat-linux/7.2.0/:/usr/local/lib/gcc/x86_64-redhat-linux/7.2.0/../../../../lib64/:/lib/../lib64/:/usr/lib/../lib64/:/usr/local/lib/gcc/x86_64-redhat-linux/7.2.0/../../../:/lib/:/usr/lib/
COLLECT_GCC_OPTIONS='-v' '-rdynamic' '-o' 'cmTC_4d603' '-mtune=generic' '-march=x86-64'
 /usr/local/libexec/gcc/x86_64-redhat-linux/7.2.0/collect2 -plugin /usr/local/libexec/gcc/x86_64-redhat-linux/7.2.0/liblto_plugin.so -plugin-opt=/usr/local/libexec/gcc/x86_64-redhat-linux/7.2.0/lto-wrapper -plugin-opt=-fresolution=/tmp/ccKz2g5v.res -plugin-opt=-pass-through=-lgcc -plugin-opt=-pass-through=-lgcc_s -plugin-opt=-pass-through=-lc -plugin-opt=-pass-through=-lgcc -plugin-opt=-pass-through=-lgcc_s --eh-frame-hdr -m elf_x86_64 -export-dynamic -dynamic-linker /lib64/ld-linux-x86-64.so.2 -o cmTC_4d603 /lib/../lib64/crt1.o /lib/../lib64/crti.o /usr/local/lib/gcc/x86_64-redhat-linux/7.2.0/crtbegin.o -L/usr/local/lib/gcc/x86_64-redhat-linux/7.2.0 -L/usr/local/lib/gcc/x86_64-redhat-linux/7.2.0/../../../../lib64 -L/lib/../lib64 -L/usr/lib/../lib64 -L/usr/local/lib/gcc/x86_64-redhat-linux/7.2.0/../../.. CMakeFiles/cmTC_4d603.dir/CMakeCCompilerABI.c.o -lgcc --as-needed -lgcc_s --no-as-needed -lc -lgcc --as-needed -lgcc_s --no-as-needed /usr/local/lib/gcc/x86_64-redhat-linux/7.2.0/crtend.o /lib/../lib64/crtn.o
COLLECT_GCC_OPTIONS='-v' '-rdynamic' '-o' 'cmTC_4d603' '-mtune=generic' '-march=x86-64'
gmake[1]: Leaving directory `/home/lele/projects/Test/cmake/CMakeFiles/CMakeTmp'


Parsed C implicit link information from above output:
  link line regex: [^( *|.*[/\])(ld|([^/\]+-)?ld|collect2)[^/\]*( |$)]
  ignore line: [Change Dir: /home/lele/projects/Test/cmake/CMakeFiles/CMakeTmp]
  ignore line: []
  ignore line: [Run Build Command:"/usr/bin/gmake" "cmTC_4d603/fast"]
  ignore line: [/usr/bin/gmake -f CMakeFiles/cmTC_4d603.dir/build.make CMakeFiles/cmTC_4d603.dir/build]
  ignore line: [gmake[1]: Entering directory `/home/lele/projects/Test/cmake/CMakeFiles/CMakeTmp']
  ignore line: [Building C object CMakeFiles/cmTC_4d603.dir/CMakeCCompilerABI.c.o]
  ignore line: [/usr/local/bin/gcc    -o CMakeFiles/cmTC_4d603.dir/CMakeCCompilerABI.c.o   -c /usr/local/share/cmake-3.8/Modules/CMakeCCompilerABI.c]
  ignore line: [Linking C executable cmTC_4d603]
  ignore line: [/usr/local/bin/cmake -E cmake_link_script CMakeFiles/cmTC_4d603.dir/link.txt --verbose=1]
  ignore line: [/usr/local/bin/gcc     -v -rdynamic CMakeFiles/cmTC_4d603.dir/CMakeCCompilerABI.c.o  -o cmTC_4d603 ]
  ignore line: [Using built-in specs.]
  ignore line: [COLLECT_GCC=/usr/local/bin/gcc]
  ignore line: [COLLECT_LTO_WRAPPER=/usr/local/libexec/gcc/x86_64-redhat-linux/7.2.0/lto-wrapper]
  ignore line: [Target: x86_64-redhat-linux]
  ignore line: [Configured with: ../configure --prefix=/usr/local --build=x86_64-redhat-linux --enable-multilib --with-system-zlib]
  ignore line: [Thread model: posix]
  ignore line: [gcc version 7.2.0 (GCC) ]
  ignore line: [COMPILER_PATH=/usr/local/libexec/gcc/x86_64-redhat-linux/7.2.0/:/usr/local/libexec/gcc/x86_64-redhat-linux/7.2.0/:/usr/local/libexec/gcc/x86_64-redhat-linux/:/usr/local/lib/gcc/x86_64-redhat-linux/7.2.0/:/usr/local/lib/gcc/x86_64-redhat-linux/]
  ignore line: [LIBRARY_PATH=/usr/local/lib/gcc/x86_64-redhat-linux/7.2.0/:/usr/local/lib/gcc/x86_64-redhat-linux/7.2.0/../../../../lib64/:/lib/../lib64/:/usr/lib/../lib64/:/usr/local/lib/gcc/x86_64-redhat-linux/7.2.0/../../../:/lib/:/usr/lib/]
  ignore line: [COLLECT_GCC_OPTIONS='-v' '-rdynamic' '-o' 'cmTC_4d603' '-mtune=generic' '-march=x86-64']
  link line: [ /usr/local/libexec/gcc/x86_64-redhat-linux/7.2.0/collect2 -plugin /usr/local/libexec/gcc/x86_64-redhat-linux/7.2.0/liblto_plugin.so -plugin-opt=/usr/local/libexec/gcc/x86_64-redhat-linux/7.2.0/lto-wrapper -plugin-opt=-fresolution=/tmp/ccKz2g5v.res -plugin-opt=-pass-through=-lgcc -plugin-opt=-pass-through=-lgcc_s -plugin-opt=-pass-through=-lc -plugin-opt=-pass-through=-lgcc -plugin-opt=-pass-through=-lgcc_s --eh-frame-hdr -m elf_x86_64 -export-dynamic -dynamic-linker /lib64/ld-linux-x86-64.so.2 -o cmTC_4d603 /lib/../lib64/crt1.o /lib/../lib64/crti.o /usr/local/lib/gcc/x86_64-redhat-linux/7.2.0/crtbegin.o -L/usr/local/lib/gcc/x86_64-redhat-linux/7.2.0 -L/usr/local/lib/gcc/x86_64-redhat-linux/7.2.0/../../../../lib64 -L/lib/../lib64 -L/usr/lib/../lib64 -L/usr/local/lib/gcc/x86_64-redhat-linux/7.2.0/../../.. CMakeFiles/cmTC_4d603.dir/CMakeCCompilerABI.c.o -lgcc --as-needed -lgcc_s --no-as-needed -lc -lgcc --as-needed -lgcc_s --no-as-needed /usr/local/lib/gcc/x86_64-redhat-linux/7.2.0/crtend.o /lib/../lib64/crtn.o]
    arg [/usr/local/libexec/gcc/x86_64-redhat-linux/7.2.0/collect2] ==> ignore
    arg [-plugin] ==> ignore
    arg [/usr/local/libexec/gcc/x86_64-redhat-linux/7.2.0/liblto_plugin.so] ==> ignore
    arg [-plugin-opt=/usr/local/libexec/gcc/x86_64-redhat-linux/7.2.0/lto-wrapper] ==> ignore
    arg [-plugin-opt=-fresolution=/tmp/ccKz2g5v.res] ==> ignore
    arg [-plugin-opt=-pass-through=-lgcc] ==> ignore
    arg [-plugin-opt=-pass-through=-lgcc_s] ==> ignore
    arg [-plugin-opt=-pass-through=-lc] ==> ignore
    arg [-plugin-opt=-pass-through=-lgcc] ==> ignore
    arg [-plugin-opt=-pass-through=-lgcc_s] ==> ignore
    arg [--eh-frame-hdr] ==> ignore
    arg [-m] ==> ignore
    arg [elf_x86_64] ==> ignore
    arg [-export-dynamic] ==> ignore
    arg [-dynamic-linker] ==> ignore
    arg [/lib64/ld-linux-x86-64.so.2] ==> ignore
    arg [-o] ==> ignore
    arg [cmTC_4d603] ==> ignore
    arg [/lib/../lib64/crt1.o] ==> ignore
    arg [/lib/../lib64/crti.o] ==> ignore
    arg [/usr/local/lib/gcc/x86_64-redhat-linux/7.2.0/crtbegin.o] ==> ignore
    arg [-L/usr/local/lib/gcc/x86_64-redhat-linux/7.2.0] ==> dir [/usr/local/lib/gcc/x86_64-redhat-linux/7.2.0]
    arg [-L/usr/local/lib/gcc/x86_64-redhat-linux/7.2.0/../../../../lib64] ==> dir [/usr/local/lib/gcc/x86_64-redhat-linux/7.2.0/../../../../lib64]
    arg [-L/lib/../lib64] ==> dir [/lib/../lib64]
    arg [-L/usr/lib/../lib64] ==> dir [/usr/lib/../lib64]
    arg [-L/usr/local/lib/gcc/x86_64-redhat-linux/7.2.0/../../..] ==> dir [/usr/local/lib/gcc/x86_64-redhat-linux/7.2.0/../../..]
    arg [CMakeFiles/cmTC_4d603.dir/CMakeCCompilerABI.c.o] ==> ignore
    arg [-lgcc] ==> lib [gcc]
    arg [--as-needed] ==> ignore
    arg [-lgcc_s] ==> lib [gcc_s]
    arg [--no-as-needed] ==> ignore
    arg [-lc] ==> lib [c]
    arg [-lgcc] ==> lib [gcc]
    arg [--as-needed] ==> ignore
    arg [-lgcc_s] ==> lib [gcc_s]
    arg [--no-as-needed] ==> ignore
    arg [/usr/local/lib/gcc/x86_64-redhat-linux/7.2.0/crtend.o] ==> ignore
    arg [/lib/../lib64/crtn.o] ==> ignore
  remove lib [gcc]
  remove lib [gcc_s]
  remove lib [gcc]
  remove lib [gcc_s]
  collapse library dir [/usr/local/lib/gcc/x86_64-redhat-linux/7.2.0] ==> [/usr/local/lib/gcc/x86_64-redhat-linux/7.2.0]
  collapse library dir [/usr/local/lib/gcc/x86_64-redhat-linux/7.2.0/../../../../lib64] ==> [/usr/local/lib64]
  collapse library dir [/lib/../lib64] ==> [/lib64]
  collapse library dir [/usr/lib/../lib64] ==> [/usr/lib64]
  collapse library dir [/usr/local/lib/gcc/x86_64-redhat-linux/7.2.0/../../..] ==> [/usr/local/lib]
  implicit libs: [c]
  implicit dirs: [/usr/local/lib/gcc/x86_64-redhat-linux/7.2.0;/usr/local/lib64;/lib64;/usr/lib64;/usr/local/lib]
  implicit fwks: []




Detecting C [-std=c11] compiler features compiled with the following output:
Change Dir: /home/lele/projects/Test/cmake/CMakeFiles/CMakeTmp

Run Build Command:"/usr/bin/gmake" "cmTC_c3699/fast"
/usr/bin/gmake -f CMakeFiles/cmTC_c3699.dir/build.make CMakeFiles/cmTC_c3699.dir/build
gmake[1]: Entering directory `/home/lele/projects/Test/cmake/CMakeFiles/CMakeTmp'
Building C object CMakeFiles/cmTC_c3699.dir/feature_tests.c.o
/usr/local/bin/gcc   -std=c11 -o CMakeFiles/cmTC_c3699.dir/feature_tests.c.o   -c /home/lele/projects/Test/cmake/CMakeFiles/feature_tests.c
Linking C executable cmTC_c3699
/usr/local/bin/cmake -E cmake_link_script CMakeFiles/cmTC_c3699.dir/link.txt --verbose=1
/usr/local/bin/gcc      -rdynamic CMakeFiles/cmTC_c3699.dir/feature_tests.c.o  -o cmTC_c3699 
gmake[1]: Leaving directory `/home/lele/projects/Test/cmake/CMakeFiles/CMakeTmp'


    Feature record: C_FEATURE:1c_function_prototypes
    Feature record: C_FEATURE:1c_restrict
    Feature record: C_FEATURE:1c_static_assert
    Feature record: C_FEATURE:1c_variadic_macros


Detecting C [-std=c99] compiler features compiled with the following output:
Change Dir: /home/lele/projects/Test/cmake/CMakeFiles/CMakeTmp

Run Build Command:"/usr/bin/gmake" "cmTC_53038/fast"
/usr/bin/gmake -f CMakeFiles/cmTC_53038.dir/build.make CMakeFiles/cmTC_53038.dir/build
gmake[1]: Entering directory `/home/lele/projects/Test/cmake/CMakeFiles/CMakeTmp'
Building C object CMakeFiles/cmTC_53038.dir/feature_tests.c.o
/usr/local/bin/gcc   -std=c99 -o CMakeFiles/cmTC_53038.dir/feature_tests.c.o   -c /home/lele/projects/Test/cmake/CMakeFiles/feature_tests.c
Linking C executable cmTC_53038
/usr/local/bin/cmake -E cmake_link_script CMakeFiles/cmTC_53038.dir/link.txt --verbose=1
/usr/local/bin/gcc      -rdynamic CMakeFiles/cmTC_53038.dir/feature_tests.c.o  -o cmTC_53038 
gmake[1]: Leaving directory `/home/lele/projects/Test/cmake/CMakeFiles/CMakeTmp'


    Feature record: C_FEATURE:1c_function_prototypes
    Feature record: C_FEATURE:1c_restrict
    Feature record: C_FEATURE:0c_static_assert
    Feature record: C_FEATURE:1c_variadic_macros


Detecting C [-std=c90] compiler features compiled with the following output:
Change Dir: /home/lele/projects/Test/cmake/CMakeFiles/CMakeTmp

Run Build Command:"/usr/bin/gmake" "cmTC_6a480/fast"
/usr/bin/gmake -f CMakeFiles/cmTC_6a480.dir/build.make CMakeFiles/cmTC_6a480.dir/build
gmake[1]: Entering directory `/home/lele/projects/Test/cmake/CMakeFiles/CMakeTmp'
Building C object CMakeFiles/cmTC_6a480.dir/feature_tests.c.o
/usr/local/bin/gcc   -std=c90 -o CMakeFiles/cmTC_6a480.dir/feature_tests.c.o   -c /home/lele/projects/Test/cmake/CMakeFiles/feature_tests.c
Linking C executable cmTC_6a480
/usr/local/bin/cmake -E cmake_link_script CMakeFiles/cmTC_6a480.dir/link.txt --verbose=1
/usr/local/bin/gcc      -rdynamic CMakeFiles/cmTC_6a480.dir/feature_tests.c.o  -o cmTC_6a480 
gmake[1]: Leaving directory `/home/lele/projects/Test/cmake/CMakeFiles/CMakeTmp'


    Feature record: C_FEATURE:1c_function_prototypes
    Feature record: C_FEATURE:0c_restrict
    Feature record: C_FEATURE:0c_static_assert
    Feature record: C_FEATURE:0c_variadic_macros
Determining if the CXX compiler works passed with the following output:
Change Dir: /home/lele/projects/Test/cmake/CMakeFiles/CMakeTmp

Run Build Command:"/usr/bin/gmake" "cmTC_8674d/fast"
/usr/bin/gmake -f CMakeFiles/cmTC_8674d.dir/build.make CMakeFiles/cmTC_8674d.dir/build
gmake[1]: Entering directory `/home/lele/projects/Test/cmake/CMakeFiles/CMakeTmp'
Building CXX object CMakeFiles/cmTC_8674d.dir/testCXXCompiler.cxx.o
/usr/local/bin/c++     -o CMakeFiles/cmTC_8674d.dir/testCXXCompiler.cxx.o -c /home/lele/projects/Test/cmake/CMakeFiles/CMakeTmp/testCXXCompiler.cxx
Linking CXX executable cmTC_8674d
/usr/local/bin/cmake -E cmake_link_script CMakeFiles/cmTC_8674d.dir/link.txt --verbose=1
/usr/local/bin/c++       -rdynamic CMakeFiles/cmTC_8674d.dir/testCXXCompiler.cxx.o  -o cmTC_8674d 
gmake[1]: Leaving directory `/home/lele/projects/Test/cmake/CMakeFiles/CMakeTmp'


Detecting CXX compiler ABI info compiled with the following output:
Change Dir: /home/lele/projects/Test/cmake/CMakeFiles/CMakeTmp

Run Build Command:"/usr/bin/gmake" "cmTC_9f539/fast"
/usr/bin/gmake -f CMakeFiles/cmTC_9f539.dir/build.make CMakeFiles/cmTC_9f539.dir/build
gmake[1]: Entering directory `/home/lele/projects/Test/cmake/CMakeFiles/CMakeTmp'
Building CXX object CMakeFiles/cmTC_9f539.dir/CMakeCXXCompilerABI.cpp.o
/usr/local/bin/c++     -o CMakeFiles/cmTC_9f539.dir/CMakeCXXCompilerABI.cpp.o -c /usr/local/share/cmake-3.8/Modules/CMakeCXXCompilerABI.cpp
Linking CXX executable cmTC_9f539
/usr/local/bin/cmake -E cmake_link_script CMakeFiles/cmTC_9f539.dir/link.txt --verbose=1
/usr/local/bin/c++      -v -rdynamic CMakeFiles/cmTC_9f539.dir/CMakeCXXCompilerABI.cpp.o  -o cmTC_9f539 
Using built-in specs.
COLLECT_GCC=/usr/local/bin/c++
COLLECT_LTO_WRAPPER=/usr/local/libexec/gcc/x86_64-redhat-linux/7.2.0/lto-wrapper
Target: x86_64-redhat-linux
Configured with: ../configure --prefix=/usr/local --build=x86_64-redhat-linux --enable-multilib --with-system-zlib
Thread model: posix
gcc version 7.2.0 (GCC) 
COMPILER_PATH=/usr/local/libexec/gcc/x86_64-redhat-linux/7.2.0/:/usr/local/libexec/gcc/x86_64-redhat-linux/7.2.0/:/usr/local/libexec/gcc/x86_64-redhat-linux/:/usr/local/lib/gcc/x86_64-redhat-linux/7.2.0/:/usr/local/lib/gcc/x86_64-redhat-linux/
LIBRARY_PATH=/usr/local/lib/gcc/x86_64-redhat-linux/7.2.0/:/usr/local/lib/gcc/x86_64-redhat-linux/7.2.0/../../../../lib64/:/lib/../lib64/:/usr/lib/../lib64/:/usr/local/lib/gcc/x86_64-redhat-linux/7.2.0/../../../:/lib/:/usr/lib/
COLLECT_GCC_OPTIONS='-v' '-rdynamic' '-o' 'cmTC_9f539' '-shared-libgcc' '-mtune=generic' '-march=x86-64'
 /usr/local/libexec/gcc/x86_64-redhat-linux/7.2.0/collect2 -plugin /usr/local/libexec/gcc/x86_64-redhat-linux/7.2.0/liblto_plugin.so -plugin-opt=/usr/local/libexec/gcc/x86_64-redhat-linux/7.2.0/lto-wrapper -plugin-opt=-fresolution=/tmp/ccYpq9gg.res -plugin-opt=-pass-through=-lgcc_s -plugin-opt=-pass-through=-lgcc -plugin-opt=-pass-through=-lc -plugin-opt=-pass-through=-lgcc_s -plugin-opt=-pass-through=-lgcc --eh-frame-hdr -m elf_x86_64 -export-dynamic -dynamic-linker /lib64/ld-linux-x86-64.so.2 -o cmTC_9f539 /lib/../lib64/crt1.o /lib/../lib64/crti.o /usr/local/lib/gcc/x86_64-redhat-linux/7.2.0/crtbegin.o -L/usr/local/lib/gcc/x86_64-redhat-linux/7.2.0 -L/usr/local/lib/gcc/x86_64-redhat-linux/7.2.0/../../../../lib64 -L/lib/../lib64 -L/usr/lib/../lib64 -L/usr/local/lib/gcc/x86_64-redhat-linux/7.2.0/../../.. CMakeFiles/cmTC_9f539.dir/CMakeCXXCompilerABI.cpp.o -lstdc++ -lm -lgcc_s -lgcc -lc -lgcc_s -lgcc /usr/local/lib/gcc/x86_64-redhat-linux/7.2.0/crtend.o /lib/../lib64/crtn.o
COLLECT_GCC_OPTIONS='-v' '-rdynamic' '-o' 'cmTC_9f539' '-shared-libgcc' '-mtune=generic' '-march=x86-64'
gmake[1]: Leaving directory `/home/lele/projects/Test/cmake/CMakeFiles/CMakeTmp'


Parsed CXX implicit link information from above output:
  link line regex: [^( *|.*[/\])(ld|([^/\]+-)?ld|collect2)[^/\]*( |$)]
  ignore line: [Change Dir: /home/lele/projects/Test/cmake/CMakeFiles/CMakeTmp]
  ignore line: []
  ignore line: [Run Build Command:"/usr/bin/gmake" "cmTC_9f539/fast"]
  ignore line: [/usr/bin/gmake -f CMakeFiles/cmTC_9f539.dir/build.make CMakeFiles/cmTC_9f539.dir/build]
  ignore line: [gmake[1]: Entering directory `/home/lele/projects/Test/cmake/CMakeFiles/CMakeTmp']
  ignore line: [Building CXX object CMakeFiles/cmTC_9f539.dir/CMakeCXXCompilerABI.cpp.o]
  ignore line: [/usr/local/bin/c++     -o CMakeFiles/cmTC_9f539.dir/CMakeCXXCompilerABI.cpp.o -c /usr/local/share/cmake-3.8/Modules/CMakeCXXCompilerABI.cpp]
  ignore line: [Linking CXX executable cmTC_9f539]
  ignore line: [/usr/local/bin/cmake -E cmake_link_script CMakeFiles/cmTC_9f539.dir/link.txt --verbose=1]
  ignore line: [/usr/local/bin/c++      -v -rdynamic CMakeFiles/cmTC_9f539.dir/CMakeCXXCompilerABI.cpp.o  -o cmTC_9f539 ]
  ignore line: [Using built-in specs.]
  ignore line: [COLLECT_GCC=/usr/local/bin/c++]
  ignore line: [COLLECT_LTO_WRAPPER=/usr/local/libexec/gcc/x86_64-redhat-linux/7.2.0/lto-wrapper]
  ignore line: [Target: x86_64-redhat-linux]
  ignore line: [Configured with: ../configure --prefix=/usr/local --build=x86_64-redhat-linux --enable-multilib --with-system-zlib]
  ignore line: [Thread model: posix]
  ignore line: [gcc version 7.2.0 (GCC) ]
  ignore line: [COMPILER_PATH=/usr/local/libexec/gcc/x86_64-redhat-linux/7.2.0/:/usr/local/libexec/gcc/x86_64-redhat-linux/7.2.0/:/usr/local/libexec/gcc/x86_64-redhat-linux/:/usr/local/lib/gcc/x86_64-redhat-linux/7.2.0/:/usr/local/lib/gcc/x86_64-redhat-linux/]
  ignore line: [LIBRARY_PATH=/usr/local/lib/gcc/x86_64-redhat-linux/7.2.0/:/usr/local/lib/gcc/x86_64-redhat-linux/7.2.0/../../../../lib64/:/lib/../lib64/:/usr/lib/../lib64/:/usr/local/lib/gcc/x86_64-redhat-linux/7.2.0/../../../:/lib/:/usr/lib/]
  ignore line: [COLLECT_GCC_OPTIONS='-v' '-rdynamic' '-o' 'cmTC_9f539' '-shared-libgcc' '-mtune=generic' '-march=x86-64']
  link line: [ /usr/local/libexec/gcc/x86_64-redhat-linux/7.2.0/collect2 -plugin /usr/local/libexec/gcc/x86_64-redhat-linux/7.2.0/liblto_plugin.so -plugin-opt=/usr/local/libexec/gcc/x86_64-redhat-linux/7.2.0/lto-wrapper -plugin-opt=-fresolution=/tmp/ccYpq9gg.res -plugin-opt=-pass-through=-lgcc_s -plugin-opt=-pass-through=-lgcc -plugin-opt=-pass-through=-lc -plugin-opt=-pass-through=-lgcc_s -plugin-opt=-pass-through=-lgcc --eh-frame-hdr -m elf_x86_64 -export-dynamic -dynamic-linker /lib64/ld-linux-x86-64.so.2 -o cmTC_9f539 /lib/../lib64/crt1.o /lib/../lib64/crti.o /usr/local/lib/gcc/x86_64-redhat-linux/7.2.0/crtbegin.o -L/usr/local/lib/gcc/x86_64-redhat-linux/7.2.0 -L/usr/local/lib/gcc/x86_64-redhat-linux/7.2.0/../../../../lib64 -L/lib/../lib64 -L/usr/lib/../lib64 -L/usr/local/lib/gcc/x86_64-redhat-linux/7.2.0/../../.. CMakeFiles/cmTC_9f539.dir/CMakeCXXCompilerABI.cpp.o -lstdc++ -lm -lgcc_s -lgcc -lc -lgcc_s -lgcc /usr/local/lib/gcc/x86_64-redhat-linux/7.2.0/crtend.o /lib/../lib64/crtn.o]
    arg [/usr/local/libexec/gcc/x86_64-redhat-linux/7.2.0/collect2] ==> ignore
    arg [-plugin] ==> ignore
    arg [/usr/local/libexec/gcc/x86_64-redhat-linux/7.2.0/liblto_plugin.so] ==> ignore
    arg [-plugin-opt=/usr/local/libexec/gcc/x86_64-redhat-linux/7.2.0/lto-wrapper] ==> ignore
    arg [-plugin-opt=-fresolution=/tmp/ccYpq9gg.res] ==> ignore
    arg [-plugin-opt=-pass-through=-lgcc_s] ==> ignore
    arg [-plugin-opt=-pass-through=-lgcc] ==> ignore
    arg [-plugin-opt=-pass-through=-lc] ==> ignore
    arg [-plugin-opt=-pass-through=-lgcc_s] ==> ignore
    arg [-plugin-opt=-pass-through=-lgcc] ==> ignore
    arg [--eh-frame-hdr] ==> ignore
    arg [-m] ==> ignore
    arg [elf_x86_64] ==> ignore
    arg [-export-dynamic] ==> ignore
    arg [-dynamic-linker] ==> ignore
    arg [/lib64/ld-linux-x86-64.so.2] ==> ignore
    arg [-o] ==> ignore
    arg [cmTC_9f539] ==> ignore
    arg [/lib/../lib64/crt1.o] ==> ignore
    arg [/lib/../lib64/crti.o] ==> ignore
    arg [/usr/local/lib/gcc/x86_64-redhat-linux/7.2.0/crtbegin.o] ==> ignore
    arg [-L/usr/local/lib/gcc/x86_64-redhat-linux/7.2.0] ==> dir [/usr/local/lib/gcc/x86_64-redhat-linux/7.2.0]
    arg [-L/usr/local/lib/gcc/x86_64-redhat-linux/7.2.0/../../../../lib64] ==> dir [/usr/local/lib/gcc/x86_64-redhat-linux/7.2.0/../../../../lib64]
    arg [-L/lib/../lib64] ==> dir [/lib/../lib64]
    arg [-L/usr/lib/../lib64] ==> dir [/usr/lib/../lib64]
    arg [-L/usr/local/lib/gcc/x86_64-redhat-linux/7.2.0/../../..] ==> dir [/usr/local/lib/gcc/x86_64-redhat-linux/7.2.0/../../..]
    arg [CMakeFiles/cmTC_9f539.dir/CMakeCXXCompilerABI.cpp.o] ==> ignore
    arg [-lstdc++] ==> lib [stdc++]
    arg [-lm] ==> lib [m]
    arg [-lgcc_s] ==> lib [gcc_s]
    arg [-lgcc] ==> lib [gcc]
    arg [-lc] ==> lib [c]
    arg [-lgcc_s] ==> lib [gcc_s]
    arg [-lgcc] ==> lib [gcc]
    arg [/usr/local/lib/gcc/x86_64-redhat-linux/7.2.0/crtend.o] ==> ignore
    arg [/lib/../lib64/crtn.o] ==> ignore
  remove lib [gcc_s]
  remove lib [gcc]
  remove lib [gcc_s]
  remove lib [gcc]
  collapse library dir [/usr/local/lib/gcc/x86_64-redhat-linux/7.2.0] ==> [/usr/local/lib/gcc/x86_64-redhat-linux/7.2.0]
  collapse library dir [/usr/local/lib/gcc/x86_64-redhat-linux/7.2.0/../../../../lib64] ==> [/usr/local/lib64]
  collapse library dir [/lib/../lib64] ==> [/lib64]
  collapse library dir [/usr/lib/../lib64] ==> [/usr/lib64]
  collapse library dir [/usr/local/lib/gcc/x86_64-redhat-linux/7.2.0/../../..] ==> [/usr/local/lib]
  implicit libs: [stdc++;m;c]
  implicit dirs: [/usr/local/lib/gcc/x86_64-redhat-linux/7.2.0;/usr/local/lib64;/lib64;/usr/lib64;/usr/local/lib]
  implicit fwks: []




Detecting CXX [-std=c++1z] compiler features compiled with the following output:
Change Dir: /home/lele/projects/Test/cmake/CMakeFiles/CMakeTmp

Run Build Command:"/usr/bin/gmake" "cmTC_923bc/fast"
/usr/bin/gmake -f CMakeFiles/cmTC_923bc.dir/build.make CMakeFiles/cmTC_923bc.dir/build
gmake[1]: Entering directory `/home/lele/projects/Test/cmake/CMakeFiles/CMakeTmp'
Building CXX object CMakeFiles/cmTC_923bc.dir/feature_tests.cxx.o
/usr/local/bin/c++    -std=c++1z -o CMakeFiles/cmTC_923bc.dir/feature_tests.cxx.o -c /home/lele/projects/Test/cmake/CMakeFiles/feature_tests.cxx
Linking CXX executable cmTC_923bc
/usr/local/bin/cmake -E cmake_link_script CMakeFiles/cmTC_923bc.dir/link.txt --verbose=1
/usr/local/bin/c++       -rdynamic CMakeFiles/cmTC_923bc.dir/feature_tests.cxx.o  -o cmTC_923bc 
gmake[1]: Leaving directory `/home/lele/projects/Test/cmake/CMakeFiles/CMakeTmp'


    Feature record: CXX_FEATURE:1cxx_aggregate_default_initializers
    Feature record: CXX_FEATURE:1cxx_alias_templates
    Feature record: CXX_FEATURE:1cxx_alignas
    Feature record: CXX_FEATURE:1cxx_alignof
    Feature record: CXX_FEATURE:1cxx_attributes
    Feature record: CXX_FEATURE:1cxx_attribute_deprecated
    Feature record: CXX_FEATURE:1cxx_auto_type
    Feature record: CXX_FEATURE:1cxx_binary_literals
    Feature record: CXX_FEATURE:1cxx_constexpr
    Feature record: CXX_FEATURE:1cxx_contextual_conversions
    Feature record: CXX_FEATURE:1cxx_decltype
    Feature record: CXX_FEATURE:1cxx_decltype_auto
    Feature record: CXX_FEATURE:1cxx_decltype_incomplete_return_types
    Feature record: CXX_FEATURE:1cxx_default_function_template_args
    Feature record: CXX_FEATURE:1cxx_defaulted_functions
    Feature record: CXX_FEATURE:1cxx_defaulted_move_initializers
    Feature record: CXX_FEATURE:1cxx_delegating_constructors
    Feature record: CXX_FEATURE:1cxx_deleted_functions
    Feature record: CXX_FEATURE:1cxx_digit_separators
    Feature record: CXX_FEATURE:1cxx_enum_forward_declarations
    Feature record: CXX_FEATURE:1cxx_explicit_conversions
    Feature record: CXX_FEATURE:1cxx_extended_friend_declarations
    Feature record: CXX_FEATURE:1cxx_extern_templates
    Feature record: CXX_FEATURE:1cxx_final
    Feature record: CXX_FEATURE:1cxx_func_identifier
    Feature record: CXX_FEATURE:1cxx_generalized_initializers
    Feature record: CXX_FEATURE:1cxx_generic_lambdas
    Feature record: CXX_FEATURE:1cxx_inheriting_constructors
    Feature record: CXX_FEATURE:1cxx_inline_namespaces
    Feature record: CXX_FEATURE:1cxx_lambdas
    Feature record: CXX_FEATURE:1cxx_lambda_init_captures
    Feature record: CXX_FEATURE:1cxx_local_type_template_args
    Feature record: CXX_FEATURE:1cxx_long_long_type
    Feature record: CXX_FEATURE:1cxx_noexcept
    Feature record: CXX_FEATURE:1cxx_nonstatic_member_init
    Feature record: CXX_FEATURE:1cxx_nullptr
    Feature record: CXX_FEATURE:1cxx_override
    Feature record: CXX_FEATURE:1cxx_range_for
    Feature record: CXX_FEATURE:1cxx_raw_string_literals
    Feature record: CXX_FEATURE:1cxx_reference_qualified_functions
    Feature record: CXX_FEATURE:1cxx_relaxed_constexpr
    Feature record: CXX_FEATURE:1cxx_return_type_deduction
    Feature record: CXX_FEATURE:1cxx_right_angle_brackets
    Feature record: CXX_FEATURE:1cxx_rvalue_references
    Feature record: CXX_FEATURE:1cxx_sizeof_member
    Feature record: CXX_FEATURE:1cxx_static_assert
    Feature record: CXX_FEATURE:1cxx_strong_enums
    Feature record: CXX_FEATURE:1cxx_template_template_parameters
    Feature record: CXX_FEATURE:1cxx_thread_local
    Feature record: CXX_FEATURE:1cxx_trailing_return_types
    Feature record: CXX_FEATURE:1cxx_unicode_literals
    Feature record: CXX_FEATURE:1cxx_uniform_initialization
    Feature record: CXX_FEATURE:1cxx_unrestricted_unions
    Feature record: CXX_FEATURE:1cxx_user_literals
    Feature record: CXX_FEATURE:1cxx_variable_templates
    Feature record: CXX_FEATURE:1cxx_variadic_macros
    Feature record: CXX_FEATURE:1cxx_variadic_templates


Detecting CXX [-std=c++14] compiler features compiled with the following output:
Change Dir: /home/lele/projects/Test/cmake/CMakeFiles/CMakeTmp

Run Build Command:"/usr/bin/gmake" "cmTC_06547/fast"
/usr/bin/gmake -f CMakeFiles/cmTC_06547.dir/build.make CMakeFiles/cmTC_06547.dir/build
gmake[1]: Entering directory `/home/lele/projects/Test/cmake/CMakeFiles/CMakeTmp'
Building CXX object CMakeFiles/cmTC_06547.dir/feature_tests.cxx.o
/usr/local/bin/c++    -std=c++14 -o CMakeFiles/cmTC_06547.dir/feature_tests.cxx.o -c /home/lele/projects/Test/cmake/CMakeFiles/feature_tests.cxx
Linking CXX executable cmTC_06547
/usr/local/bin/cmake -E cmake_link_script CMakeFiles/cmTC_06547.dir/link.txt --verbose=1
/usr/local/bin/c++       -rdynamic CMakeFiles/cmTC_06547.dir/feature_tests.cxx.o  -o cmTC_06547 
gmake[1]: Leaving directory `/home/lele/projects/Test/cmake/CMakeFiles/CMakeTmp'


    Feature record: CXX_FEATURE:1cxx_aggregate_default_initializers
    Feature record: CXX_FEATURE:1cxx_alias_templates
    Feature record: CXX_FEATURE:1cxx_alignas
    Feature record: CXX_FEATURE:1cxx_alignof
    Feature record: CXX_FEATURE:1cxx_attributes
    Feature record: CXX_FEATURE:1cxx_attribute_deprecated
    Feature record: CXX_FEATURE:1cxx_auto_type
    Feature record: CXX_FEATURE:1cxx_binary_literals
    Feature record: CXX_FEATURE:1cxx_constexpr
    Feature record: CXX_FEATURE:1cxx_contextual_conversions
    Feature record: CXX_FEATURE:1cxx_decltype
    Feature record: CXX_FEATURE:1cxx_decltype_auto
    Feature record: CXX_FEATURE:1cxx_decltype_incomplete_return_types
    Feature record: CXX_FEATURE:1cxx_default_function_template_args
    Feature record: CXX_FEATURE:1cxx_defaulted_functions
    Feature record: CXX_FEATURE:1cxx_defaulted_move_initializers
    Feature record: CXX_FEATURE:1cxx_delegating_constructors
    Feature record: CXX_FEATURE:1cxx_deleted_functions
    Feature record: CXX_FEATURE:1cxx_digit_separators
    Feature record: CXX_FEATURE:1cxx_enum_forward_declarations
    Feature record: CXX_FEATURE:1cxx_explicit_conversions
    Feature record: CXX_FEATURE:1cxx_extended_friend_declarations
    Feature record: CXX_FEATURE:1cxx_extern_templates
    Feature record: CXX_FEATURE:1cxx_final
    Feature record: CXX_FEATURE:1cxx_func_identifier
    Feature record: CXX_FEATURE:1cxx_generalized_initializers
    Feature record: CXX_FEATURE:1cxx_generic_lambdas
    Feature record: CXX_FEATURE:1cxx_inheriting_constructors
    Feature record: CXX_FEATURE:1cxx_inline_namespaces
    Feature record: CXX_FEATURE:1cxx_lambdas
    Feature record: CXX_FEATURE:1cxx_lambda_init_captures
    Feature record: CXX_FEATURE:1cxx_local_type_template_args
    Feature record: CXX_FEATURE:1cxx_long_long_type
    Feature record: CXX_FEATURE:1cxx_noexcept
    Feature record: CXX_FEATURE:1cxx_nonstatic_member_init
    Feature record: CXX_FEATURE:1cxx_nullptr
    Feature record: CXX_FEATURE:1cxx_override
    Feature record: CXX_FEATURE:1cxx_range_for
    Feature record: CXX_FEATURE:1cxx_raw_string_literals
    Feature record: CXX_FEATURE:1cxx_reference_qualified_functions
    Feature record: CXX_FEATURE:1cxx_relaxed_constexpr
    Feature record: CXX_FEATURE:1cxx_return_type_deduction
    Feature record: CXX_FEATURE:1cxx_right_angle_brackets
    Feature record: CXX_FEATURE:1cxx_rvalue_references
    Feature record: CXX_FEATURE:1cxx_sizeof_member
    Feature record: CXX_FEATURE:1cxx_static_assert
    Feature record: CXX_FEATURE:1cxx_strong_enums
    Feature record: CXX_FEATURE:1cxx_template_template_parameters
    Feature record: CXX_FEATURE:1cxx_thread_local
    Feature record: CXX_FEATURE:1cxx_trailing_return_types
    Feature record: CXX_FEATURE:1cxx_unicode_literals
    Feature record: CXX_FEATURE:1cxx_uniform_initialization
    Feature record: CXX_FEATURE:1cxx_unrestricted_unions
    Feature record: CXX_FEATURE:1cxx_user_literals
    Feature record: CXX_FEATURE:1cxx_variable_templates
    Feature record: CXX_FEATURE:1cxx_variadic_macros
    Feature record: CXX_FEATURE:1cxx_variadic_templates


Detecting CXX [-std=c++11] compiler features compiled with the following output:
Change Dir: /home/lele/projects/Test/cmake/CMakeFiles/CMakeTmp

Run Build Command:"/usr/bin/gmake" "cmTC_a2369/fast"
/usr/bin/gmake -f CMakeFiles/cmTC_a2369.dir/build.make CMakeFiles/cmTC_a2369.dir/build
gmake[1]: Entering directory `/home/lele/projects/Test/cmake/CMakeFiles/CMakeTmp'
Building CXX object CMakeFiles/cmTC_a2369.dir/feature_tests.cxx.o
/usr/local/bin/c++    -std=c++11 -o CMakeFiles/cmTC_a2369.dir/feature_tests.cxx.o -c /home/lele/projects/Test/cmake/CMakeFiles/feature_tests.cxx
Linking CXX executable cmTC_a2369
/usr/local/bin/cmake -E cmake_link_script CMakeFiles/cmTC_a2369.dir/link.txt --verbose=1
/usr/local/bin/c++       -rdynamic CMakeFiles/cmTC_a2369.dir/feature_tests.cxx.o  -o cmTC_a2369 
gmake[1]: Leaving directory `/home/lele/projects/Test/cmake/CMakeFiles/CMakeTmp'


    Feature record: CXX_FEATURE:0cxx_aggregate_default_initializers
    Feature record: CXX_FEATURE:1cxx_alias_templates
    Feature record: CXX_FEATURE:1cxx_alignas
    Feature record: CXX_FEATURE:1cxx_alignof
    Feature record: CXX_FEATURE:1cxx_attributes
    Feature record: CXX_FEATURE:0cxx_attribute_deprecated
    Feature record: CXX_FEATURE:1cxx_auto_type
    Feature record: CXX_FEATURE:0cxx_binary_literals
    Feature record: CXX_FEATURE:1cxx_constexpr
    Feature record: CXX_FEATURE:0cxx_contextual_conversions
    Feature record: CXX_FEATURE:1cxx_decltype
    Feature record: CXX_FEATURE:0cxx_decltype_auto
    Feature record: CXX_FEATURE:1cxx_decltype_incomplete_return_types
    Feature record: CXX_FEATURE:1cxx_default_function_template_args
    Feature record: CXX_FEATURE:1cxx_defaulted_functions
    Feature record: CXX_FEATURE:1cxx_defaulted_move_initializers
    Feature record: CXX_FEATURE:1cxx_delegating_constructors
    Feature record: CXX_FEATURE:1cxx_deleted_functions
    Feature record: CXX_FEATURE:0cxx_digit_separators
    Feature record: CXX_FEATURE:1cxx_enum_forward_declarations
    Feature record: CXX_FEATURE:1cxx_explicit_conversions
    Feature record: CXX_FEATURE:1cxx_extended_friend_declarations
    Feature record: CXX_FEATURE:1cxx_extern_templates
    Feature record: CXX_FEATURE:1cxx_final
    Feature record: CXX_FEATURE:1cxx_func_identifier
    Feature record: CXX_FEATURE:1cxx_generalized_initializers
    Feature record: CXX_FEATURE:0cxx_generic_lambdas
    Feature record: CXX_FEATURE:1cxx_inheriting_constructors
    Feature record: CXX_FEATURE:1cxx_inline_namespaces
    Feature record: CXX_FEATURE:1cxx_lambdas
    Feature record: CXX_FEATURE:0cxx_lambda_init_captures
    Feature record: CXX_FEATURE:1cxx_local_type_template_args
    Feature record: CXX_FEATURE:1cxx_long_long_type
    Feature record: CXX_FEATURE:1cxx_noexcept
    Feature record: CXX_FEATURE:1cxx_nonstatic_member_init
    Feature record: CXX_FEATURE:1cxx_nullptr
    Feature record: CXX_FEATURE:1cxx_override
    Feature record: CXX_FEATURE:1cxx_range_for
    Feature record: CXX_FEATURE:1cxx_raw_string_literals
    Feature record: CXX_FEATURE:1cxx_reference_qualified_functions
    Feature record: CXX_FEATURE:0cxx_relaxed_constexpr
    Feature record: CXX_FEATURE:0cxx_return_type_deduction
    Feature record: CXX_FEATURE:1cxx_right_angle_brackets
    Feature record: CXX_FEATURE:1cxx_rvalue_references
    Feature record: CXX_FEATURE:1cxx_sizeof_member
    Feature record: CXX_FEATURE:1cxx_static_assert
    Feature record: CXX_FEATURE:1cxx_strong_enums
    Feature record: CXX_FEATURE:1cxx_template_template_parameters
    Feature record: CXX_FEATURE:1cxx_thread_local
    Feature record: CXX_FEATURE:1cxx_trailing_return_types
    Feature record: CXX_FEATURE:1cxx_unicode_literals
    Feature record: CXX_FEATURE:1cxx_uniform_initialization
    Feature record: CXX_FEATURE:1cxx_unrestricted_unions
    Feature record: CXX_FEATURE:1cxx_user_literals
    Feature record: CXX_FEATURE:0cxx_variable_templates
    Feature record: CXX_FEATURE:1cxx_variadic_macros
    Feature record: CXX_FEATURE:1cxx_variadic_templates


Detecting CXX [-std=c++98] compiler features compiled with the following output:
Change Dir: /home/lele/projects/Test/cmake/CMakeFiles/CMakeTmp

Run Build Command:"/usr/bin/gmake" "cmTC_e34a6/fast"
/usr/bin/gmake -f CMakeFiles/cmTC_e34a6.dir/build.make CMakeFiles/cmTC_e34a6.dir/build
gmake[1]: Entering directory `/home/lele/projects/Test/cmake/CMakeFiles/CMakeTmp'
Building CXX object CMakeFiles/cmTC_e34a6.dir/feature_tests.cxx.o
/usr/local/bin/c++    -std=c++98 -o CMakeFiles/cmTC_e34a6.dir/feature_tests.cxx.o -c /home/lele/projects/Test/cmake/CMakeFiles/feature_tests.cxx
Linking CXX executable cmTC_e34a6
/usr/local/bin/cmake -E cmake_link_script CMakeFiles/cmTC_e34a6.dir/link.txt --verbose=1
/usr/local/bin/c++       -rdynamic CMakeFiles/cmTC_e34a6.dir/feature_tests.cxx.o  -o cmTC_e34a6 
gmake[1]: Leaving directory `/home/lele/projects/Test/cmake/CMakeFiles/CMakeTmp'


    Feature record: CXX_FEATURE:0cxx_aggregate_default_initializers
    Feature record: CXX_FEATURE:0cxx_alias_templates
    Feature record: CXX_FEATURE:0cxx_alignas
    Feature record: CXX_FEATURE:0cxx_alignof
    Feature record: CXX_FEATURE:0cxx_attributes
    Feature record: CXX_FEATURE:0cxx_attribute_deprecated
    Feature record: CXX_FEATURE:0cxx_auto_type
    Feature record: CXX_FEATURE:0cxx_binary_literals
    Feature record: CXX_FEATURE:0cxx_constexpr
    Feature record: CXX_FEATURE:0cxx_contextual_conversions
    Feature record: CXX_FEATURE:0cxx_decltype
    Feature record: CXX_FEATURE:0cxx_decltype_auto
    Feature record: CXX_FEATURE:0cxx_decltype_incomplete_return_types
    Feature record: CXX_FEATURE:0cxx_default_function_template_args
    Feature record: CXX_FEATURE:0cxx_defaulted_functions
    Feature record: CXX_FEATURE:0cxx_defaulted_move_initializers
    Feature record: CXX_FEATURE:0cxx_delegating_constructors
    Feature record: CXX_FEATURE:0cxx_deleted_functions
    Feature record: CXX_FEATURE:0cxx_digit_separators
    Feature record: CXX_FEATURE:0cxx_enum_forward_declarations
    Feature record: CXX_FEATURE:0cxx_explicit_conversions
    Feature record: CXX_FEATURE:0cxx_extended_friend_declarations
    Feature record: CXX_FEATURE:0cxx_extern_templates
    Feature record: CXX_FEATURE:0cxx_final
    Feature record: CXX_FEATURE:0cxx_func_identifier
    Feature record: CXX_FEATURE:0cxx_generalized_initializers
    Feature record: CXX_FEATURE:0cxx_generic_lambdas
    Feature record: CXX_FEATURE:0cxx_inheriting_constructors
    Feature record: CXX_FEATURE:0cxx_inline_namespaces
    Feature record: CXX_FEATURE:0cxx_lambdas
    Feature record: CXX_FEATURE:0cxx_lambda_init_captures
    Feature record: CXX_FEATURE:0cxx_local_type_template_args
    Feature record: CXX_FEATURE:0cxx_long_long_type
    Feature record: CXX_FEATURE:0cxx_noexcept
    Feature record: CXX_FEATURE:0cxx_nonstatic_member_init
    Feature record: CXX_FEATURE:0cxx_nullptr
    Feature record: CXX_FEATURE:0cxx_override
    Feature record: CXX_FEATURE:0cxx_range_for
    Feature record: CXX_FEATURE:0cxx_raw_string_literals
    Feature record: CXX_FEATURE:0cxx_reference_qualified_functions
    Feature record: CXX_FEATURE:0cxx_relaxed_constexpr
    Feature record: CXX_FEATURE:0cxx_return_type_deduction
    Feature record: CXX_FEATURE:0cxx_right_angle_brackets
    Feature record: CXX_FEATURE:0cxx_rvalue_references
    Feature record: CXX_FEATURE:0cxx_sizeof_member
    Feature record: CXX_FEATURE:0cxx_static_assert
    Feature record: CXX_FEATURE:0cxx_strong_enums
    Feature record: CXX_FEATURE:1cxx_template_template_parameters
    Feature record: CXX_FEATURE:0cxx_thread_local
    Feature record: CXX_FEATURE:0cxx_trailing_return_types
    Feature record: CXX_FEATURE:0cxx_unicode_literals
    Feature record: CXX_FEATURE:0cxx_uniform_initialization
    Feature record: CXX_FEATURE:0cxx_unrestricted_unions
    Feature record: CXX_FEATURE:0cxx_user_literals
    Feature record: CXX_FEATURE:0cxx_variable_templates
    Feature record: CXX_FEATURE:0cxx_variadic_macros
    Feature record: CXX_FEATURE:0cxx_variadic_templates
